This file contains any messages produced by compilers while
running configure, to aid debugging if configure makes a mistake.

It was created by configure, which was
generated by GNU Autoconf 2.57.  Invocation command line was

  $ ./configure 

## --------- ##
## Platform. ##
## --------- ##

hostname = millpot
uname -m = i686
uname -r = 2.4.20-8
uname -s = Linux
uname -v = #1 Thu Mar 13 17:54:28 EST 2003

/usr/bin/uname -p = unknown
/bin/uname -X     = unknown

/bin/arch              = i686
/usr/bin/arch -k       = unknown
/usr/convex/getsysinfo = unknown
hostinfo               = unknown
/bin/machine           = unknown
/usr/bin/oslevel       = unknown
/bin/universe          = unknown

PATH: /usr/local/bin
PATH: /usr/bin
PATH: /bin
PATH: /usr/X11R6/bin
PATH: /home/daniel/bin


## ----------- ##
## Core tests. ##
## ----------- ##

configure:1366: checking build system type
configure:1384: result: i686-pc-linux-gnu
configure:1392: checking host system type
configure:1406: result: i686-pc-linux-gnu
configure:1414: checking target system type
configure:1428: result: i686-pc-linux-gnu
configure:1462: checking for a BSD-compatible install
configure:1516: result: /usr/bin/install -c
configure:1527: checking whether build environment is sane
configure:1570: result: yes
configure:1603: checking for gawk
configure:1619: found /usr/bin/gawk
configure:1629: result: gawk
configure:1639: checking whether make sets $(MAKE)
configure:1659: result: yes
configure:1855: checking for gcc
configure:1871: found /usr/bin/gcc
configure:1881: result: gcc
configure:2125: checking for C compiler version
configure:2128: gcc --version </dev/null >&5
gcc (GCC) 3.2.2 20030222 (Red Hat Linux 3.2.2-5)
Copyright (C) 2002 Free Software Foundation, Inc.
This is free software; see the source for copying conditions.  There is NO
warranty; not even for MERCHANTABILITY or FITNESS FOR A PARTICULAR PURPOSE.

configure:2131: $? = 0
configure:2133: gcc -v </dev/null >&5
Reading specs from /usr/lib/gcc-lib/i386-redhat-linux/3.2.2/specs
Configured with: ../configure --prefix=/usr --mandir=/usr/share/man --infodir=/usr/share/info --enable-shared --enable-threads=posix --disable-checking --with-system-zlib --enable-__cxa_atexit --host=i386-redhat-linux
Thread model: posix
gcc version 3.2.2 20030222 (Red Hat Linux 3.2.2-5)
configure:2136: $? = 0
configure:2138: gcc -V </dev/null >&5
gcc: argument to `-V' is missing
configure:2141: $? = 1
configure:2165: checking for C compiler default output
configure:2168: gcc    conftest.c  >&5
configure:2171: $? = 0
configure:2217: result: a.out
configure:2222: checking whether the C compiler works
configure:2228: ./a.out
configure:2231: $? = 0
configure:2248: result: yes
configure:2255: checking whether we are cross compiling
configure:2257: result: no
configure:2260: checking for suffix of executables
configure:2262: gcc -o conftest    conftest.c  >&5
configure:2265: $? = 0
configure:2290: result: 
configure:2296: checking for suffix of object files
configure:2318: gcc -c   conftest.c >&5
configure:2321: $? = 0
configure:2343: result: o
configure:2347: checking whether we are using the GNU C compiler
configure:2372: gcc -c   conftest.c >&5
configure:2375: $? = 0
configure:2378: test -s conftest.o
configure:2381: $? = 0
configure:2394: result: yes
configure:2400: checking whether gcc accepts -g
configure:2422: gcc -c -g  conftest.c >&5
configure:2425: $? = 0
configure:2428: test -s conftest.o
configure:2431: $? = 0
configure:2442: result: yes
configure:2459: checking for gcc option to accept ANSI C
configure:2520: gcc  -c   conftest.c >&5
configure:2523: $? = 0
configure:2526: test -s conftest.o
configure:2529: $? = 0
configure:2547: result: none needed
configure:2565: gcc -c   conftest.c >&5
conftest.c:2: parse error before "me"
configure:2568: $? = 1
configure: failed program was:
| #ifndef __cplusplus
|   choke me
| #endif
configure:2696: checking for style of include used by make
configure:2724: result: GNU
configure:2752: checking dependency style of gcc
configure:2814: result: gcc3
configure:2840: gcc -c  -falign-loops=4 conftest.c >&5
configure:2843: $? = 0
configure:2846: test -s conftest.o
configure:2849: $? = 0
configure:2917: checking for g++
configure:2933: found /usr/bin/g++
configure:2943: result: g++
configure:2959: checking for C++ compiler version
configure:2962: g++ --version </dev/null >&5
g++ (GCC) 3.2.2 20030222 (Red Hat Linux 3.2.2-5)
Copyright (C) 2002 Free Software Foundation, Inc.
This is free software; see the source for copying conditions.  There is NO
warranty; not even for MERCHANTABILITY or FITNESS FOR A PARTICULAR PURPOSE.

configure:2965: $? = 0
configure:2967: g++ -v </dev/null >&5
Reading specs from /usr/lib/gcc-lib/i386-redhat-linux/3.2.2/specs
Configured with: ../configure --prefix=/usr --mandir=/usr/share/man --infodir=/usr/share/info --enable-shared --enable-threads=posix --disable-checking --with-system-zlib --enable-__cxa_atexit --host=i386-redhat-linux
Thread model: posix
gcc version 3.2.2 20030222 (Red Hat Linux 3.2.2-5)
configure:2970: $? = 0
configure:2972: g++ -V </dev/null >&5
g++: argument to `-V' missing

configure:2975: $? = 1
configure:2978: checking whether we are using the GNU C++ compiler
configure:3003: g++ -c   conftest.cc >&5
configure:3006: $? = 0
configure:3009: test -s conftest.o
configure:3012: $? = 0
configure:3025: result: yes
configure:3031: checking whether g++ accepts -g
configure:3053: g++ -c -g  conftest.cc >&5
configure:3056: $? = 0
configure:3059: test -s conftest.o
configure:3062: $? = 0
configure:3073: result: yes
configure:3117: g++ -c   conftest.cc >&5
configure:3120: $? = 0
configure:3123: test -s conftest.o
configure:3126: $? = 0
configure:3153: g++ -c   conftest.cc >&5
configure: In function `int main()':
configure:3150: `exit' undeclared (first use this function)
configure:3150: (Each undeclared identifier is reported only once for each 
   function it appears in.)
configure:3156: $? = 1
configure: failed program was:
| #line 3136 "configure"
| /* confdefs.h.  */
| 
| #define PACKAGE_NAME ""
| #define PACKAGE_TARNAME ""
| #define PACKAGE_VERSION ""
| #define PACKAGE_STRING ""
| #define PACKAGE_BUGREPORT ""
| #define PACKAGE "vegastrike"
| #define VERSION "0.3.5"
| /* end confdefs.h.  */
| 
| int
| main ()
| {
| exit (42);
|   ;
|   return 0;
| }
configure:3117: g++ -c   conftest.cc >&5
configure:3120: $? = 0
configure:3123: test -s conftest.o
configure:3126: $? = 0
configure:3153: g++ -c   conftest.cc >&5
configure:3156: $? = 0
configure:3159: test -s conftest.o
configure:3162: $? = 0
configure:3187: checking dependency style of g++
configure:3249: result: gcc3
configure:3259: checking how to run the C++ preprocessor
configure:3291: g++ -E  conftest.cc
configure:3297: $? = 0
configure:3329: g++ -E  conftest.cc
configure:3333:28: ac_nonexistent.h: No such file or directory
configure:3335: $? = 1
configure: failed program was:
| #line 3320 "configure"
| /* confdefs.h.  */
| 
| #define PACKAGE_NAME ""
| #define PACKAGE_TARNAME ""
| #define PACKAGE_VERSION ""
| #define PACKAGE_STRING ""
| #define PACKAGE_BUGREPORT ""
| #define PACKAGE "vegastrike"
| #define VERSION "0.3.5"
| #ifdef __cplusplus
| #include <stdlib.h>
| #endif
| /* end confdefs.h.  */
| #include <ac_nonexistent.h>
configure:3373: result: g++ -E
configure:3398: g++ -E  conftest.cc
configure:3404: $? = 0
configure:3436: g++ -E  conftest.cc
configure:3440:28: ac_nonexistent.h: No such file or directory
configure:3442: $? = 1
configure: failed program was:
| #line 3427 "configure"
| /* confdefs.h.  */
| 
| #define PACKAGE_NAME ""
| #define PACKAGE_TARNAME ""
| #define PACKAGE_VERSION ""
| #define PACKAGE_STRING ""
| #define PACKAGE_BUGREPORT ""
| #define PACKAGE "vegastrike"
| #define VERSION "0.3.5"
| #ifdef __cplusplus
| #include <stdlib.h>
| #endif
| /* end confdefs.h.  */
| #include <ac_nonexistent.h>
configure:3498: checking for a BSD-compatible install
configure:3552: result: /usr/bin/install -c
configure:3563: checking whether ln -s works
configure:3567: result: yes
configure:3615: checking for ranlib
configure:3631: found /usr/bin/ranlib
configure:3642: result: ranlib
configure:3660: checking how to run the C preprocessor
configure:3696: gcc -E  conftest.c
configure:3702: $? = 0
configure:3734: gcc -E  conftest.c
configure:3738:28: ac_nonexistent.h: No such file or directory
configure:3740: $? = 1
configure: failed program was:
| #line 3725 "configure"
| /* confdefs.h.  */
| 
| #define PACKAGE_NAME ""
| #define PACKAGE_TARNAME ""
| #define PACKAGE_VERSION ""
| #define PACKAGE_STRING ""
| #define PACKAGE_BUGREPORT ""
| #define PACKAGE "vegastrike"
| #define VERSION "0.3.5"
| #ifdef __cplusplus
| #include <stdlib.h>
| #endif
| /* end confdefs.h.  */
| #include <ac_nonexistent.h>
configure:3778: result: gcc -E
configure:3803: gcc -E  conftest.c
configure:3809: $? = 0
configure:3841: gcc -E  conftest.c
configure:3845:28: ac_nonexistent.h: No such file or directory
configure:3847: $? = 1
configure: failed program was:
| #line 3832 "configure"
| /* confdefs.h.  */
| 
| #define PACKAGE_NAME ""
| #define PACKAGE_TARNAME ""
| #define PACKAGE_VERSION ""
| #define PACKAGE_STRING ""
| #define PACKAGE_BUGREPORT ""
| #define PACKAGE "vegastrike"
| #define VERSION "0.3.5"
| #ifdef __cplusplus
| #include <stdlib.h>
| #endif
| /* end confdefs.h.  */
| #include <ac_nonexistent.h>
configure:3890: checking for egrep
configure:3900: result: grep -E
configure:3905: checking for ANSI C header files
configure:3931: gcc -c   conftest.c >&5
configure:3934: $? = 0
configure:3937: test -s conftest.o
configure:3940: $? = 0
configure:4029: gcc -o conftest    conftest.c  >&5
configure:4032: $? = 0
configure:4034: ./conftest
configure:4037: $? = 0
configure:4052: result: yes
configure:4070: checking for dirent.h that defines DIR
configure:4095: gcc -c   conftest.c >&5
configure:4098: $? = 0
configure:4101: test -s conftest.o
configure:4104: $? = 0
configure:4115: result: yes
configure:4128: checking for library containing opendir
configure:4159: gcc -o conftest    conftest.c  >&5
configure:4162: $? = 0
configure:4165: test -s conftest
configure:4168: $? = 0
configure:4227: result: none required
configure:4357: checking for sys/types.h
configure:4374: gcc -c   conftest.c >&5
configure:4377: $? = 0
configure:4380: test -s conftest.o
configure:4383: $? = 0
configure:4394: result: yes
configure:4357: checking for sys/stat.h
configure:4374: gcc -c   conftest.c >&5
configure:4377: $? = 0
configure:4380: test -s conftest.o
configure:4383: $? = 0
configure:4394: result: yes
configure:4357: checking for stdlib.h
configure:4374: gcc -c   conftest.c >&5
configure:4377: $? = 0
configure:4380: test -s conftest.o
configure:4383: $? = 0
configure:4394: result: yes
configure:4357: checking for string.h
configure:4374: gcc -c   conftest.c >&5
configure:4377: $? = 0
configure:4380: test -s conftest.o
configure:4383: $? = 0
configure:4394: result: yes
configure:4357: checking for memory.h
configure:4374: gcc -c   conftest.c >&5
configure:4377: $? = 0
configure:4380: test -s conftest.o
configure:4383: $? = 0
configure:4394: result: yes
configure:4357: checking for strings.h
configure:4374: gcc -c   conftest.c >&5
configure:4377: $? = 0
configure:4380: test -s conftest.o
configure:4383: $? = 0
configure:4394: result: yes
configure:4357: checking for inttypes.h
configure:4374: gcc -c   conftest.c >&5
configure:4377: $? = 0
configure:4380: test -s conftest.o
configure:4383: $? = 0
configure:4394: result: yes
configure:4357: checking for stdint.h
configure:4374: gcc -c   conftest.c >&5
configure:4377: $? = 0
configure:4380: test -s conftest.o
configure:4383: $? = 0
configure:4394: result: yes
configure:4357: checking for unistd.h
configure:4374: gcc -c   conftest.c >&5
configure:4377: $? = 0
configure:4380: test -s conftest.o
configure:4383: $? = 0
configure:4394: result: yes
configure:4425: checking fcntl.h usability
configure:4438: gcc -c   conftest.c >&5
configure:4441: $? = 0
configure:4444: test -s conftest.o
configure:4447: $? = 0
configure:4457: result: yes
configure:4461: checking fcntl.h presence
configure:4472: gcc -E  conftest.c
configure:4478: $? = 0
configure:4497: result: yes
configure:4533: checking for fcntl.h
configure:4540: result: yes
configure:4425: checking limits.h usability
configure:4438: gcc -c   conftest.c >&5
configure:4441: $? = 0
configure:4444: test -s conftest.o
configure:4447: $? = 0
configure:4457: result: yes
configure:4461: checking limits.h presence
configure:4472: gcc -E  conftest.c
configure:4478: $? = 0
configure:4497: result: yes
configure:4533: checking for limits.h
configure:4540: result: yes
configure:4425: checking malloc.h usability
configure:4438: gcc -c   conftest.c >&5
configure:4441: $? = 0
configure:4444: test -s conftest.o
configure:4447: $? = 0
configure:4457: result: yes
configure:4461: checking malloc.h presence
configure:4472: gcc -E  conftest.c
configure:4478: $? = 0
configure:4497: result: yes
configure:4533: checking for malloc.h
configure:4540: result: yes
configure:4425: checking sys/ioctl.h usability
configure:4438: gcc -c   conftest.c >&5
configure:4441: $? = 0
configure:4444: test -s conftest.o
configure:4447: $? = 0
configure:4457: result: yes
configure:4461: checking sys/ioctl.h presence
configure:4472: gcc -E  conftest.c
configure:4478: $? = 0
configure:4497: result: yes
configure:4533: checking for sys/ioctl.h
configure:4540: result: yes
configure:4425: checking sys/time.h usability
configure:4438: gcc -c   conftest.c >&5
configure:4441: $? = 0
configure:4444: test -s conftest.o
configure:4447: $? = 0
configure:4457: result: yes
configure:4461: checking sys/time.h presence
configure:4472: gcc -E  conftest.c
configure:4478: $? = 0
configure:4497: result: yes
configure:4533: checking for sys/time.h
configure:4540: result: yes
configure:4416: checking for unistd.h
configure:4421: result: yes
configure:4556: checking for an ANSI C-conforming const
configure:4624: gcc -c   conftest.c >&5
configure:4627: $? = 0
configure:4630: test -s conftest.o
configure:4633: $? = 0
configure:4644: result: yes
configure:4654: checking whether time.h and sys/time.h may both be included
configure:4680: gcc -c   conftest.c >&5
configure:4683: $? = 0
configure:4686: test -s conftest.o
configure:4689: $? = 0
configure:4700: result: yes
configure:4710: checking for inline
configure:4732: gcc -c   conftest.c >&5
configure:4735: $? = 0
configure:4738: test -s conftest.o
configure:4741: $? = 0
configure:4753: result: inline
configure:4768: checking for size_t
configure:4793: gcc -c   conftest.c >&5
configure:4796: $? = 0
configure:4799: test -s conftest.o
configure:4802: $? = 0
configure:4813: result: yes
configure:4838: checking for getcwd
configure:4888: gcc -o conftest    conftest.c  >&5
configure:4891: $? = 0
configure:4894: test -s conftest
configure:4897: $? = 0
configure:4908: result: yes
configure:4838: checking for gettimeofday
configure:4888: gcc -o conftest    conftest.c  >&5
configure:4891: $? = 0
configure:4894: test -s conftest
configure:4897: $? = 0
configure:4908: result: yes
configure:4838: checking for strdup
configure:4888: gcc -o conftest    conftest.c  >&5
configure:4891: $? = 0
configure:4894: test -s conftest
configure:4897: $? = 0
configure:4908: result: yes
configure:4838: checking for select
configure:4888: gcc -o conftest    conftest.c  >&5
configure:4891: $? = 0
configure:4894: test -s conftest
configure:4897: $? = 0
configure:4908: result: yes
configure:4838: checking for socket
configure:4888: gcc -o conftest    conftest.c  >&5
configure:4891: $? = 0
configure:4894: test -s conftest
configure:4897: $? = 0
configure:4908: result: yes
configure:4838: checking for strstr
configure:4888: gcc -o conftest    conftest.c  >&5
configure:4895: warning: conflicting types for built-in function `strstr'
configure:4891: $? = 0
configure:4894: test -s conftest
configure:4897: $? = 0
configure:4908: result: yes
configure:4838: checking for access
configure:4888: gcc -o conftest    conftest.c  >&5
configure:4891: $? = 0
configure:4894: test -s conftest
configure:4897: $? = 0
configure:4908: result: yes
configure:4838: checking for lstat
configure:4888: gcc -o conftest    conftest.c  >&5
configure:4891: $? = 0
configure:4894: test -s conftest
configure:4897: $? = 0
configure:4908: result: yes
configure:4924: checking for finite
configure:4974: gcc -o conftest    conftest.c  >&5
configure:4977: $? = 0
configure:4980: test -s conftest
configure:4983: $? = 0
configure:4994: result: yes
configure:4924: checking for isnan
configure:4974: gcc -o conftest    conftest.c  >&5
configure:4977: $? = 0
configure:4980: test -s conftest
configure:4983: $? = 0
configure:4994: result: yes
configure:5009: checking for _finite
configure:5059: gcc -o conftest    conftest.c  >&5
/tmp/cciJ803U.o(.text+0x16): In function `main':
: undefined reference to `_finite'
/tmp/cciJ803U.o(.data+0x0): undefined reference to `_finite'
collect2: ld returned 1 exit status
configure:5062: $? = 1
configure: failed program was:
| #line 5014 "configure"
| /* confdefs.h.  */
| 
| #define PACKAGE_NAME ""
| #define PACKAGE_TARNAME ""
| #define PACKAGE_VERSION ""
| #define PACKAGE_STRING ""
| #define PACKAGE_BUGREPORT ""
| #define PACKAGE "vegastrike"
| #define VERSION "0.3.5"
| #ifdef __cplusplus
| #include <stdlib.h>
| #endif
| #define STDC_HEADERS 1
| #define HAVE_DIRENT_H 1
| #define HAVE_SYS_TYPES_H 1
| #define HAVE_SYS_STAT_H 1
| #define HAVE_STDLIB_H 1
| #define HAVE_STRING_H 1
| #define HAVE_MEMORY_H 1
| #define HAVE_STRINGS_H 1
| #define HAVE_INTTYPES_H 1
| #define HAVE_STDINT_H 1
| #define HAVE_UNISTD_H 1
| #define HAVE_FCNTL_H 1
| #define HAVE_LIMITS_H 1
| #define HAVE_MALLOC_H 1
| #define HAVE_SYS_IOCTL_H 1
| #define HAVE_SYS_TIME_H 1
| #define HAVE_UNISTD_H 1
| #define TIME_WITH_SYS_TIME 1
| #define HAVE_GETCWD 1
| #define HAVE_GETTIMEOFDAY 1
| #define HAVE_STRDUP 1
| #define HAVE_SELECT 1
| #define HAVE_SOCKET 1
| #define HAVE_STRSTR 1
| #define HAVE_ACCESS 1
| #define HAVE_LSTAT 1
| #define HAVE_FINITE 1
| #define HAVE_ISNAN 1
| /* end confdefs.h.  */
| /* System header to define __stub macros and hopefully few prototypes,
|     which can conflict with char _finite (); below.
|     Prefer <limits.h> to <assert.h> if __STDC__ is defined, since
|     <limits.h> exists even on freestanding compilers.  */
| #ifdef __STDC__
| # include <limits.h>
| #else
| # include <assert.h>
| #endif
| /* Override any gcc2 internal prototype to avoid an error.  */
| #ifdef __cplusplus
| extern "C"
| {
| #endif
| /* We use char because int might match the return type of a gcc2
|    builtin and then its argument prototype would still apply.  */
| char _finite ();
| /* The GNU C library defines this for functions which it implements
|     to always fail with ENOSYS.  Some functions are actually named
|     something starting with __ and the normal name is an alias.  */
| #if defined (__stub__finite) || defined (__stub____finite)
| choke me
| #else
| char (*f) () = _finite;
| #endif
| #ifdef __cplusplus
| }
| #endif
| 
| int
| main ()
| {
| return f != _finite;
|   ;
|   return 0;
| }
configure:5079: result: no
configure:5009: checking for _isnan
configure:5059: gcc -o conftest    conftest.c  >&5
/tmp/ccmpXBJJ.o(.text+0x16): In function `main':
: undefined reference to `_isnan'
/tmp/ccmpXBJJ.o(.data+0x0): undefined reference to `_isnan'
collect2: ld returned 1 exit status
configure:5062: $? = 1
configure: failed program was:
| #line 5014 "configure"
| /* confdefs.h.  */
| 
| #define PACKAGE_NAME ""
| #define PACKAGE_TARNAME ""
| #define PACKAGE_VERSION ""
| #define PACKAGE_STRING ""
| #define PACKAGE_BUGREPORT ""
| #define PACKAGE "vegastrike"
| #define VERSION "0.3.5"
| #ifdef __cplusplus
| #include <stdlib.h>
| #endif
| #define STDC_HEADERS 1
| #define HAVE_DIRENT_H 1
| #define HAVE_SYS_TYPES_H 1
| #define HAVE_SYS_STAT_H 1
| #define HAVE_STDLIB_H 1
| #define HAVE_STRING_H 1
| #define HAVE_MEMORY_H 1
| #define HAVE_STRINGS_H 1
| #define HAVE_INTTYPES_H 1
| #define HAVE_STDINT_H 1
| #define HAVE_UNISTD_H 1
| #define HAVE_FCNTL_H 1
| #define HAVE_LIMITS_H 1
| #define HAVE_MALLOC_H 1
| #define HAVE_SYS_IOCTL_H 1
| #define HAVE_SYS_TIME_H 1
| #define HAVE_UNISTD_H 1
| #define TIME_WITH_SYS_TIME 1
| #define HAVE_GETCWD 1
| #define HAVE_GETTIMEOFDAY 1
| #define HAVE_STRDUP 1
| #define HAVE_SELECT 1
| #define HAVE_SOCKET 1
| #define HAVE_STRSTR 1
| #define HAVE_ACCESS 1
| #define HAVE_LSTAT 1
| #define HAVE_FINITE 1
| #define HAVE_ISNAN 1
| /* end confdefs.h.  */
| /* System header to define __stub macros and hopefully few prototypes,
|     which can conflict with char _isnan (); below.
|     Prefer <limits.h> to <assert.h> if __STDC__ is defined, since
|     <limits.h> exists even on freestanding compilers.  */
| #ifdef __STDC__
| # include <limits.h>
| #else
| # include <assert.h>
| #endif
| /* Override any gcc2 internal prototype to avoid an error.  */
| #ifdef __cplusplus
| extern "C"
| {
| #endif
| /* We use char because int might match the return type of a gcc2
|    builtin and then its argument prototype would still apply.  */
| char _isnan ();
| /* The GNU C library defines this for functions which it implements
|     to always fail with ENOSYS.  Some functions are actually named
|     something starting with __ and the normal name is an alias.  */
| #if defined (__stub__isnan) || defined (__stub____isnan)
| choke me
| #else
| char (*f) () = _isnan;
| #endif
| #ifdef __cplusplus
| }
| #endif
| 
| int
| main ()
| {
| return f != _isnan;
|   ;
|   return 0;
| }
configure:5079: result: no
configure:5104: checking ieeefp.h usability
configure:5117: gcc -c   conftest.c >&5
configure:5181:20: ieeefp.h: No such file or directory
configure:5120: $? = 1
configure: failed program was:
| #line 5106 "configure"
| /* confdefs.h.  */
| 
| #define PACKAGE_NAME ""
| #define PACKAGE_TARNAME ""
| #define PACKAGE_VERSION ""
| #define PACKAGE_STRING ""
| #define PACKAGE_BUGREPORT ""
| #define PACKAGE "vegastrike"
| #define VERSION "0.3.5"
| #ifdef __cplusplus
| #include <stdlib.h>
| #endif
| #define STDC_HEADERS 1
| #define HAVE_DIRENT_H 1
| #define HAVE_SYS_TYPES_H 1
| #define HAVE_SYS_STAT_H 1
| #define HAVE_STDLIB_H 1
| #define HAVE_STRING_H 1
| #define HAVE_MEMORY_H 1
| #define HAVE_STRINGS_H 1
| #define HAVE_INTTYPES_H 1
| #define HAVE_STDINT_H 1
| #define HAVE_UNISTD_H 1
| #define HAVE_FCNTL_H 1
| #define HAVE_LIMITS_H 1
| #define HAVE_MALLOC_H 1
| #define HAVE_SYS_IOCTL_H 1
| #define HAVE_SYS_TIME_H 1
| #define HAVE_UNISTD_H 1
| #define TIME_WITH_SYS_TIME 1
| #define HAVE_GETCWD 1
| #define HAVE_GETTIMEOFDAY 1
| #define HAVE_STRDUP 1
| #define HAVE_SELECT 1
| #define HAVE_SOCKET 1
| #define HAVE_STRSTR 1
| #define HAVE_ACCESS 1
| #define HAVE_LSTAT 1
| #define HAVE_FINITE 1
| #define HAVE_ISNAN 1
| /* end confdefs.h.  */
| #include <stdio.h>
| #if HAVE_SYS_TYPES_H
| # include <sys/types.h>
| #endif
| #if HAVE_SYS_STAT_H
| # include <sys/stat.h>
| #endif
| #if STDC_HEADERS
| # include <stdlib.h>
| # include <stddef.h>
| #else
| # if HAVE_STDLIB_H
| #  include <stdlib.h>
| # endif
| #endif
| #if HAVE_STRING_H
| # if !STDC_HEADERS && HAVE_MEMORY_H
| #  include <memory.h>
| # endif
| # include <string.h>
| #endif
| #if HAVE_STRINGS_H
| # include <strings.h>
| #endif
| #if HAVE_INTTYPES_H
| # include <inttypes.h>
| #else
| # if HAVE_STDINT_H
| #  include <stdint.h>
| # endif
| #endif
| #if HAVE_UNISTD_H
| # include <unistd.h>
| #endif
| #include <ieeefp.h>
configure:5136: result: no
configure:5140: checking ieeefp.h presence
configure:5151: gcc -E  conftest.c
configure:5183:20: ieeefp.h: No such file or directory
configure:5157: $? = 1
configure: failed program was:
| #line 5142 "configure"
| /* confdefs.h.  */
| 
| #define PACKAGE_NAME ""
| #define PACKAGE_TARNAME ""
| #define PACKAGE_VERSION ""
| #define PACKAGE_STRING ""
| #define PACKAGE_BUGREPORT ""
| #define PACKAGE "vegastrike"
| #define VERSION "0.3.5"
| #ifdef __cplusplus
| #include <stdlib.h>
| #endif
| #define STDC_HEADERS 1
| #define HAVE_DIRENT_H 1
| #define HAVE_SYS_TYPES_H 1
| #define HAVE_SYS_STAT_H 1
| #define HAVE_STDLIB_H 1
| #define HAVE_STRING_H 1
| #define HAVE_MEMORY_H 1
| #define HAVE_STRINGS_H 1
| #define HAVE_INTTYPES_H 1
| #define HAVE_STDINT_H 1
| #define HAVE_UNISTD_H 1
| #define HAVE_FCNTL_H 1
| #define HAVE_LIMITS_H 1
| #define HAVE_MALLOC_H 1
| #define HAVE_SYS_IOCTL_H 1
| #define HAVE_SYS_TIME_H 1
| #define HAVE_UNISTD_H 1
| #define TIME_WITH_SYS_TIME 1
| #define HAVE_GETCWD 1
| #define HAVE_GETTIMEOFDAY 1
| #define HAVE_STRDUP 1
| #define HAVE_SELECT 1
| #define HAVE_SOCKET 1
| #define HAVE_STRSTR 1
| #define HAVE_ACCESS 1
| #define HAVE_LSTAT 1
| #define HAVE_FINITE 1
| #define HAVE_ISNAN 1
| /* end confdefs.h.  */
| #include <ieeefp.h>
configure:5176: result: no
configure:5212: checking for ieeefp.h
configure:5219: result: no
configure:5104: checking zlib.h usability
configure:5117: gcc -c   conftest.c >&5
configure:5120: $? = 0
configure:5123: test -s conftest.o
configure:5126: $? = 0
configure:5136: result: yes
configure:5140: checking zlib.h presence
configure:5151: gcc -E  conftest.c
configure:5157: $? = 0
configure:5176: result: yes
configure:5212: checking for zlib.h
configure:5219: result: yes
configure:5233: checking for pid_t
configure:5258: gcc -c   conftest.c >&5
configure:5261: $? = 0
configure:5264: test -s conftest.o
configure:5267: $? = 0
configure:5278: result: yes
configure:5296: checking for unistd.h
configure:5301: result: yes
configure:5305: checking vfork.h usability
configure:5318: gcc -c   conftest.c >&5
configure:5384:19: vfork.h: No such file or directory
configure:5321: $? = 1
configure: failed program was:
| #line 5307 "configure"
| /* confdefs.h.  */
| 
| #define PACKAGE_NAME ""
| #define PACKAGE_TARNAME ""
| #define PACKAGE_VERSION ""
| #define PACKAGE_STRING ""
| #define PACKAGE_BUGREPORT ""
| #define PACKAGE "vegastrike"
| #define VERSION "0.3.5"
| #ifdef __cplusplus
| #include <stdlib.h>
| #endif
| #define STDC_HEADERS 1
| #define HAVE_DIRENT_H 1
| #define HAVE_SYS_TYPES_H 1
| #define HAVE_SYS_STAT_H 1
| #define HAVE_STDLIB_H 1
| #define HAVE_STRING_H 1
| #define HAVE_MEMORY_H 1
| #define HAVE_STRINGS_H 1
| #define HAVE_INTTYPES_H 1
| #define HAVE_STDINT_H 1
| #define HAVE_UNISTD_H 1
| #define HAVE_FCNTL_H 1
| #define HAVE_LIMITS_H 1
| #define HAVE_MALLOC_H 1
| #define HAVE_SYS_IOCTL_H 1
| #define HAVE_SYS_TIME_H 1
| #define HAVE_UNISTD_H 1
| #define TIME_WITH_SYS_TIME 1
| #define HAVE_GETCWD 1
| #define HAVE_GETTIMEOFDAY 1
| #define HAVE_STRDUP 1
| #define HAVE_SELECT 1
| #define HAVE_SOCKET 1
| #define HAVE_STRSTR 1
| #define HAVE_ACCESS 1
| #define HAVE_LSTAT 1
| #define HAVE_FINITE 1
| #define HAVE_ISNAN 1
| #define HAVE_ZLIB_H 1
| #define HAVE_UNISTD_H 1
| /* end confdefs.h.  */
| #include <stdio.h>
| #if HAVE_SYS_TYPES_H
| # include <sys/types.h>
| #endif
| #if HAVE_SYS_STAT_H
| # include <sys/stat.h>
| #endif
| #if STDC_HEADERS
| # include <stdlib.h>
| # include <stddef.h>
| #else
| # if HAVE_STDLIB_H
| #  include <stdlib.h>
| # endif
| #endif
| #if HAVE_STRING_H
| # if !STDC_HEADERS && HAVE_MEMORY_H
| #  include <memory.h>
| # endif
| # include <string.h>
| #endif
| #if HAVE_STRINGS_H
| # include <strings.h>
| #endif
| #if HAVE_INTTYPES_H
| # include <inttypes.h>
| #else
| # if HAVE_STDINT_H
| #  include <stdint.h>
| # endif
| #endif
| #if HAVE_UNISTD_H
| # include <unistd.h>
| #endif
| #include <vfork.h>
configure:5337: result: no
configure:5341: checking vfork.h presence
configure:5352: gcc -E  conftest.c
configure:5386:19: vfork.h: No such file or directory
configure:5358: $? = 1
configure: failed program was:
| #line 5343 "configure"
| /* confdefs.h.  */
| 
| #define PACKAGE_NAME ""
| #define PACKAGE_TARNAME ""
| #define PACKAGE_VERSION ""
| #define PACKAGE_STRING ""
| #define PACKAGE_BUGREPORT ""
| #define PACKAGE "vegastrike"
| #define VERSION "0.3.5"
| #ifdef __cplusplus
| #include <stdlib.h>
| #endif
| #define STDC_HEADERS 1
| #define HAVE_DIRENT_H 1
| #define HAVE_SYS_TYPES_H 1
| #define HAVE_SYS_STAT_H 1
| #define HAVE_STDLIB_H 1
| #define HAVE_STRING_H 1
| #define HAVE_MEMORY_H 1
| #define HAVE_STRINGS_H 1
| #define HAVE_INTTYPES_H 1
| #define HAVE_STDINT_H 1
| #define HAVE_UNISTD_H 1
| #define HAVE_FCNTL_H 1
| #define HAVE_LIMITS_H 1
| #define HAVE_MALLOC_H 1
| #define HAVE_SYS_IOCTL_H 1
| #define HAVE_SYS_TIME_H 1
| #define HAVE_UNISTD_H 1
| #define TIME_WITH_SYS_TIME 1
| #define HAVE_GETCWD 1
| #define HAVE_GETTIMEOFDAY 1
| #define HAVE_STRDUP 1
| #define HAVE_SELECT 1
| #define HAVE_SOCKET 1
| #define HAVE_STRSTR 1
| #define HAVE_ACCESS 1
| #define HAVE_LSTAT 1
| #define HAVE_FINITE 1
| #define HAVE_ISNAN 1
| #define HAVE_ZLIB_H 1
| #define HAVE_UNISTD_H 1
| /* end confdefs.h.  */
| #include <vfork.h>
configure:5377: result: no
configure:5413: checking for vfork.h
configure:5420: result: no
configure:5438: checking for fork
configure:5488: gcc -o conftest    conftest.c  >&5
configure:5491: $? = 0
configure:5494: test -s conftest
configure:5497: $? = 0
configure:5508: result: yes
configure:5438: checking for vfork
configure:5488: gcc -o conftest    conftest.c  >&5
configure:5491: $? = 0
configure:5494: test -s conftest
configure:5497: $? = 0
configure:5508: result: yes
configure:5519: checking for working fork
configure:5542: gcc -o conftest    conftest.c  >&5
configure:5545: $? = 0
configure:5547: ./conftest
configure:5550: $? = 0
configure:5564: result: yes
configure:5585: checking for working vfork
configure:5719: result: yes
configure:5756: checking for stdlib.h
configure:5761: result: yes
configure:5756: checking for unistd.h
configure:5761: result: yes
configure:5897: checking for getpagesize
configure:5947: gcc -o conftest    conftest.c  >&5
configure:5950: $? = 0
configure:5953: test -s conftest
configure:5956: $? = 0
configure:5967: result: yes
configure:5977: checking for working mmap
configure:6120: gcc -o conftest    conftest.c  >&5
configure:6123: $? = 0
configure:6125: ./conftest
configure:6128: $? = 0
configure:6142: result: yes
configure:6153: checking for working memcmp
configure:6202: gcc -o conftest    conftest.c  >&5
configure:6205: $? = 0
configure:6207: ./conftest
configure:6210: $? = 0
configure:6224: result: yes
configure:6269: gcc -c   conftest.c >&5
configure:6272: $? = 0
configure:6275: test -s conftest.o
configure:6278: $? = 0
configure:6317: gcc -c -gdwarf-2 -g3  conftest.c >&5
configure:6320: $? = 0
configure:6323: test -s conftest.o
configure:6326: $? = 0
configure:6438: checking for Win32 platform
configure:6461: result: no
configure:6472: checking for Linux platform
configure:6495: result: yes
configure:6503: checking for MacOSX platform
configure:6526: result: no
configure:6549: checking for python
configure:6612: result: python 2.2.2
configure:6727: checking for sdl-config
configure:6745: found /usr/bin/sdl-config
configure:6758: result: /usr/bin/sdl-config
configure:6766: checking for SDL - version >= 1.0.1
configure:6857: gcc -o conftest  -I/usr/include/SDL -D_REENTRANT   conftest.c  -L/usr/lib -Wl,-rpath,/usr/lib -lSDL -lpthread >&5
configure:6860: $? = 0
configure:6862: ./conftest
configure:6865: $? = 0
configure:6883: result: yes
configure:6977: checking for SDL_JoystickOpen
configure:7027: gcc -o conftest    conftest.c   -lutil -L/usr/lib -Wl,-rpath,/usr/lib -lSDL -lpthread >&5
configure:7030: $? = 0
configure:7033: test -s conftest
configure:7036: $? = 0
configure:7047: result: yes
configure:7076: checking for Mix_OpenAudio in -lSDL_mixer
configure:7107: gcc -o conftest    conftest.c -lSDL_mixer    -lutil -L/usr/lib -Wl,-rpath,/usr/lib -lSDL -lpthread >&5
configure:7110: $? = 0
configure:7113: test -s conftest
configure:7116: $? = 0
configure:7128: result: yes
configure:7185: checking for GL library
configure:7205: gcc -o conftest    conftest.c   -lutil -L/usr/lib -Wl,-rpath,/usr/lib -lSDL -lpthread -lSDL_mixer  -lGL >&5
configure:7208: $? = 0
configure:7211: test -s conftest
configure:7214: $? = 0
configure:7224: result: yes
configure:7624: checking for glXGetProcAddressARB
configure:7674: gcc -o conftest    conftest.c   -lutil -L/usr/lib -Wl,-rpath,/usr/lib -lSDL -lpthread -lSDL_mixer  -lGL >&5
configure:7677: $? = 0
configure:7680: test -s conftest
configure:7683: $? = 0
configure:7694: result: yes
configure:7752: checking for GLU library
configure:7772: gcc -o conftest    conftest.c   -lutil -L/usr/lib -Wl,-rpath,/usr/lib -lSDL -lpthread -lSDL_mixer  -lGL  -lGLU >&5
configure:7775: $? = 0
configure:7778: test -s conftest
configure:7781: $? = 0
configure:7791: result: yes
configure:8212: checking for GL/gl.h
configure:8226: gcc -E    -DHAVE_SDL=1 -DSDL_WINDOWING=1 -DHAVE_SDL_MIXER=1 conftest.c
configure:8232: $? = 0
configure:8252: result: yes
configure:8332: checking GL/glext.h usability
configure:8345: gcc -c     -DHAVE_SDL=1 -DSDL_WINDOWING=1 -DHAVE_SDL_MIXER=1 conftest.c >&5
In file included from configure:8421:
/usr/include/GL/glext.h:2471: parse error before "red"
/usr/include/GL/glext.h:2472: parse error before "mode"
/usr/include/GL/glext.h:2473: parse error before "mode"
/usr/include/GL/glext.h:2474: parse error before "target"
/usr/include/GL/glext.h:2475: parse error before "target"
/usr/include/GL/glext.h:2476: parse error before "target"
/usr/include/GL/glext.h:2477: parse error before "target"
/usr/include/GL/glext.h:2478: parse error before "target"
/usr/include/GL/glext.h:2479: parse error before "target"
/usr/include/GL/glext.h:2480: parse error before "target"
/usr/include/GL/glext.h:2481: parse error before "target"
/usr/include/GL/glext.h:2482: parse error before "target"
/usr/include/GL/glext.h:2483: parse error before "target"
/usr/include/GL/glext.h:2484: parse error before "target"
/usr/include/GL/glext.h:2485: parse error before "target"
/usr/include/GL/glext.h:2486: parse error before "target"
/usr/include/GL/glext.h:2487: parse error before "target"
/usr/include/GL/glext.h:2488: parse error before "target"
/usr/include/GL/glext.h:2489: parse error before "target"
/usr/include/GL/glext.h:2490: parse error before "target"
/usr/include/GL/glext.h:2491: parse error before "target"
/usr/include/GL/glext.h:2492: parse error before "target"
/usr/include/GL/glext.h:2493: parse error before "target"
/usr/include/GL/glext.h:2494: parse error before "target"
/usr/include/GL/glext.h:2495: parse error before "target"
/usr/include/GL/glext.h:2496: parse error before "target"
/usr/include/GL/glext.h:2497: parse error before "target"
/usr/include/GL/glext.h:2498: parse error before "target"
/usr/include/GL/glext.h:2499: parse error before "target"
/usr/include/GL/glext.h:2500: parse error before "target"
/usr/include/GL/glext.h:2501: parse error before "target"
/usr/include/GL/glext.h:2502: parse error before "target"
/usr/include/GL/glext.h:2503: parse error before "target"
/usr/include/GL/glext.h:2504: parse error before "target"
/usr/include/GL/glext.h:2505: parse error before "target"
/usr/include/GL/glext.h:2506: parse error before "target"
/usr/include/GL/glext.h:2507: parse error before "target"
/usr/include/GL/glext.h:2508: parse error before "target"
/usr/include/GL/glext.h:2561: parse error before "texture"
/usr/include/GL/glext.h:2562: parse error before "texture"
/usr/include/GL/glext.h:2563: parse error before "target"
/usr/include/GL/glext.h:2564: parse error before "target"
/usr/include/GL/glext.h:2565: parse error before "target"
/usr/include/GL/glext.h:2566: parse error before "target"
/usr/include/GL/glext.h:2567: parse error before "target"
/usr/include/GL/glext.h:2568: parse error before "target"
/usr/include/GL/glext.h:2569: parse error before "target"
/usr/include/GL/glext.h:2570: parse error before "target"
/usr/include/GL/glext.h:2571: parse error before "target"
/usr/include/GL/glext.h:2572: parse error before "target"
/usr/include/GL/glext.h:2573: parse error before "target"
/usr/include/GL/glext.h:2574: parse error before "target"
/usr/include/GL/glext.h:2575: parse error before "target"
/usr/include/GL/glext.h:2576: parse error before "target"
/usr/include/GL/glext.h:2577: parse error before "target"
/usr/include/GL/glext.h:2578: parse error before "target"
/usr/include/GL/glext.h:2579: parse error before "target"
/usr/include/GL/glext.h:2580: parse error before "target"
/usr/include/GL/glext.h:2581: parse error before "target"
/usr/include/GL/glext.h:2582: parse error before "target"
/usr/include/GL/glext.h:2583: parse error before "target"
/usr/include/GL/glext.h:2584: parse error before "target"
/usr/include/GL/glext.h:2585: parse error before "target"
/usr/include/GL/glext.h:2586: parse error before "target"
/usr/include/GL/glext.h:2587: parse error before "target"
/usr/include/GL/glext.h:2588: parse error before "target"
/usr/include/GL/glext.h:2589: parse error before "target"
/usr/include/GL/glext.h:2590: parse error before "target"
/usr/include/GL/glext.h:2591: parse error before "target"
/usr/include/GL/glext.h:2592: parse error before "target"
/usr/include/GL/glext.h:2593: parse error before "target"
/usr/include/GL/glext.h:2594: parse error before "target"
/usr/include/GL/glext.h:2595: parse error before '*' token
/usr/include/GL/glext.h:2596: parse error before '*' token
/usr/include/GL/glext.h:2597: parse error before '*' token
/usr/include/GL/glext.h:2598: parse error before '*' token
/usr/include/GL/glext.h:2599: parse error before "value"
/usr/include/GL/glext.h:2600: parse error before "target"
/usr/include/GL/glext.h:2601: parse error before "target"
/usr/include/GL/glext.h:2602: parse error before "target"
/usr/include/GL/glext.h:2603: parse error before "target"
/usr/include/GL/glext.h:2604: parse error before "target"
/usr/include/GL/glext.h:2605: parse error before "target"
/usr/include/GL/glext.h:2606: parse error before "target"
/usr/include/GL/glext.h:2658: parse error before "sfactorRGB"
/usr/include/GL/glext.h:2659: parse error before "coord"
/usr/include/GL/glext.h:2660: parse error before '*' token
/usr/include/GL/glext.h:2661: parse error before "coord"
/usr/include/GL/glext.h:2662: parse error before '*' token
/usr/include/GL/glext.h:2663: parse error before "type"
/usr/include/GL/glext.h:2664: parse error before "mode"
/usr/include/GL/glext.h:2665: parse error before "mode"
/usr/include/GL/glext.h:2666: parse error before "pname"
/usr/include/GL/glext.h:2667: parse error before "pname"
/usr/include/GL/glext.h:2668: parse error before "pname"
/usr/include/GL/glext.h:2669: parse error before "pname"
/usr/include/GL/glext.h:2670: parse error before "red"
/usr/include/GL/glext.h:2671: parse error before '*' token
/usr/include/GL/glext.h:2672: parse error before "red"
/usr/include/GL/glext.h:2673: parse error before '*' token
/usr/include/GL/glext.h:2674: parse error before "red"
/usr/include/GL/glext.h:2675: parse error before '*' token
/usr/include/GL/glext.h:2676: parse error before "red"
/usr/include/GL/glext.h:2677: parse error before '*' token
/usr/include/GL/glext.h:2678: parse error before "red"
/usr/include/GL/glext.h:2679: parse error before '*' token
/usr/include/GL/glext.h:2680: parse error before "red"
/usr/include/GL/glext.h:2681: parse error before '*' token
/usr/include/GL/glext.h:2682: parse error before "red"
/usr/include/GL/glext.h:2683: parse error before '*' token
/usr/include/GL/glext.h:2684: parse error before "red"
/usr/include/GL/glext.h:2685: parse error before '*' token
/usr/include/GL/glext.h:2686: parse error before "size"
/usr/include/GL/glext.h:2687: parse error before "x"
/usr/include/GL/glext.h:2688: parse error before '*' token
/usr/include/GL/glext.h:2689: parse error before "x"
/usr/include/GL/glext.h:2690: parse error before '*' token
/usr/include/GL/glext.h:2691: parse error before "x"
/usr/include/GL/glext.h:2692: parse error before '*' token
/usr/include/GL/glext.h:2693: parse error before "x"
/usr/include/GL/glext.h:2694: parse error before '*' token
/usr/include/GL/glext.h:2695: parse error before "x"
/usr/include/GL/glext.h:2696: parse error before '*' token
/usr/include/GL/glext.h:2697: parse error before "x"
/usr/include/GL/glext.h:2698: parse error before '*' token
/usr/include/GL/glext.h:2699: parse error before "x"
/usr/include/GL/glext.h:2700: parse error before '*' token
/usr/include/GL/glext.h:2701: parse error before "x"
/usr/include/GL/glext.h:2702: parse error before '*' token
/usr/include/GL/glext.h:2743: parse error before "texture"
/usr/include/GL/glext.h:2744: parse error before "texture"
/usr/include/GL/glext.h:2745: parse error before "target"
/usr/include/GL/glext.h:2746: parse error before "target"
/usr/include/GL/glext.h:2747: parse error before "target"
/usr/include/GL/glext.h:2748: parse error before "target"
/usr/include/GL/glext.h:2749: parse error before "target"
/usr/include/GL/glext.h:2750: parse error before "target"
/usr/include/GL/glext.h:2751: parse error before "target"
/usr/include/GL/glext.h:2752: parse error before "target"
/usr/include/GL/glext.h:2753: parse error before "target"
/usr/include/GL/glext.h:2754: parse error before "target"
/usr/include/GL/glext.h:2755: parse error before "target"
/usr/include/GL/glext.h:2756: parse error before "target"
/usr/include/GL/glext.h:2757: parse error before "target"
/usr/include/GL/glext.h:2758: parse error before "target"
/usr/include/GL/glext.h:2759: parse error before "target"
/usr/include/GL/glext.h:2760: parse error before "target"
/usr/include/GL/glext.h:2761: parse error before "target"
/usr/include/GL/glext.h:2762: parse error before "target"
/usr/include/GL/glext.h:2763: parse error before "target"
/usr/include/GL/glext.h:2764: parse error before "target"
/usr/include/GL/glext.h:2765: parse error before "target"
/usr/include/GL/glext.h:2766: parse error before "target"
/usr/include/GL/glext.h:2767: parse error before "target"
/usr/include/GL/glext.h:2768: parse error before "target"
/usr/include/GL/glext.h:2769: parse error before "target"
/usr/include/GL/glext.h:2770: parse error before "target"
/usr/include/GL/glext.h:2771: parse error before "target"
/usr/include/GL/glext.h:2772: parse error before "target"
/usr/include/GL/glext.h:2773: parse error before "target"
/usr/include/GL/glext.h:2774: parse error before "target"
/usr/include/GL/glext.h:2775: parse error before "target"
/usr/include/GL/glext.h:2776: parse error before "target"
/usr/include/GL/glext.h:2787: parse error before '*' token
/usr/include/GL/glext.h:2788: parse error before '*' token
/usr/include/GL/glext.h:2789: parse error before '*' token
/usr/include/GL/glext.h:2790: parse error before '*' token
/usr/include/GL/glext.h:2798: parse error before "value"
/usr/include/GL/glext.h:2820: parse error before "target"
/usr/include/GL/glext.h:2821: parse error before "target"
/usr/include/GL/glext.h:2822: parse error before "target"
/usr/include/GL/glext.h:2823: parse error before "target"
/usr/include/GL/glext.h:2824: parse error before "target"
/usr/include/GL/glext.h:2825: parse error before "target"
/usr/include/GL/glext.h:2826: parse error before "target"
/usr/include/GL/glext.h:2839: parse error before "pname"
/usr/include/GL/glext.h:2840: parse error before "pname"
/usr/include/GL/glext.h:2857: parse error before "size"
/usr/include/GL/glext.h:2858: parse error before "size"
/usr/include/GL/glext.h:2859: parse error before "size"
/usr/include/GL/glext.h:2860: parse error before "size"
/usr/include/GL/glext.h:2861: parse error before "size"
/usr/include/GL/glext.h:2862: parse error before "size"
/usr/include/GL/glext.h:2863: parse error before "size"
/usr/include/GL/glext.h:2864: parse error before "size"
/usr/include/GL/glext.h:2865: parse error before "size"
/usr/include/GL/glext.h:2866: parse error before "count"
/usr/include/GL/glext.h:2878: parse error before "index"
/usr/include/GL/glext.h:2879: parse error before "size"
/usr/include/GL/glext.h:2880: parse error before "size"
/usr/include/GL/glext.h:2881: parse error before "size"
/usr/include/GL/glext.h:2882: parse error before "size"
/usr/include/GL/glext.h:2933: parse error before "x"
/usr/include/GL/glext.h:2934: parse error before '*' token
/usr/include/GL/glext.h:2935: parse error before "x"
/usr/include/GL/glext.h:2936: parse error before '*' token
/usr/include/GL/glext.h:2937: parse error before "x"
/usr/include/GL/glext.h:2938: parse error before '*' token
/usr/include/GL/glext.h:2939: parse error before "x"
/usr/include/GL/glext.h:2940: parse error before '*' token
/usr/include/GL/glext.h:2941: parse error before "x"
/usr/include/GL/glext.h:2942: parse error before '*' token
/usr/include/GL/glext.h:2943: parse error before "x"
/usr/include/GL/glext.h:2944: parse error before '*' token
/usr/include/GL/glext.h:2945: parse error before "x"
/usr/include/GL/glext.h:2946: parse error before '*' token
/usr/include/GL/glext.h:2947: parse error before "x"
/usr/include/GL/glext.h:2948: parse error before '*' token
/usr/include/GL/glext.h:3017: parse error before "index"
/usr/include/GL/glext.h:3018: parse error before "index"
/usr/include/GL/glext.h:3019: parse error before "index"
/usr/include/GL/glext.h:3020: parse error before "index"
/usr/include/GL/glext.h:3021: parse error before "index"
/usr/include/GL/glext.h:3022: parse error before "index"
/usr/include/GL/glext.h:3023: parse error before "index"
/usr/include/GL/glext.h:3024: parse error before "index"
/usr/include/GL/glext.h:3025: parse error before "index"
/usr/include/GL/glext.h:3026: parse error before "index"
/usr/include/GL/glext.h:3027: parse error before "index"
/usr/include/GL/glext.h:3028: parse error before "index"
/usr/include/GL/glext.h:3029: parse error before "index"
/usr/include/GL/glext.h:3030: parse error before "index"
/usr/include/GL/glext.h:3031: parse error before "index"
/usr/include/GL/glext.h:3032: parse error before "index"
/usr/include/GL/glext.h:3033: parse error before "index"
/usr/include/GL/glext.h:3034: parse error before "index"
/usr/include/GL/glext.h:3035: parse error before "index"
/usr/include/GL/glext.h:3036: parse error before "index"
/usr/include/GL/glext.h:3037: parse error before "index"
/usr/include/GL/glext.h:3038: parse error before "index"
/usr/include/GL/glext.h:3039: parse error before "index"
/usr/include/GL/glext.h:3040: parse error before "index"
/usr/include/GL/glext.h:3041: parse error before "index"
/usr/include/GL/glext.h:3042: parse error before "index"
/usr/include/GL/glext.h:3043: parse error before "index"
/usr/include/GL/glext.h:3044: parse error before "index"
/usr/include/GL/glext.h:3045: parse error before "index"
/usr/include/GL/glext.h:3046: parse error before "index"
/usr/include/GL/glext.h:3047: parse error before "index"
/usr/include/GL/glext.h:3048: parse error before "index"
/usr/include/GL/glext.h:3049: parse error before "index"
/usr/include/GL/glext.h:3050: parse error before "index"
/usr/include/GL/glext.h:3051: parse error before "index"
/usr/include/GL/glext.h:3052: parse error before "index"
/usr/include/GL/glext.h:3053: parse error before "index"
/usr/include/GL/glext.h:3054: parse error before "index"
/usr/include/GL/glext.h:3055: parse error before "index"
/usr/include/GL/glext.h:3056: parse error before "target"
/usr/include/GL/glext.h:3057: parse error before "target"
/usr/include/GL/glext.h:3058: parse error before "n"
/usr/include/GL/glext.h:3059: parse error before "n"
/usr/include/GL/glext.h:3060: parse error before "target"
/usr/include/GL/glext.h:3061: parse error before "target"
/usr/include/GL/glext.h:3062: parse error before "target"
/usr/include/GL/glext.h:3063: parse error before "target"
/usr/include/GL/glext.h:3064: parse error before "target"
/usr/include/GL/glext.h:3065: parse error before "target"
/usr/include/GL/glext.h:3066: parse error before "target"
/usr/include/GL/glext.h:3067: parse error before "target"
/usr/include/GL/glext.h:3068: parse error before "target"
/usr/include/GL/glext.h:3069: parse error before "target"
/usr/include/GL/glext.h:3070: parse error before "target"
/usr/include/GL/glext.h:3071: parse error before "target"
/usr/include/GL/glext.h:3072: parse error before "target"
/usr/include/GL/glext.h:3073: parse error before "target"
/usr/include/GL/glext.h:3074: parse error before "index"
/usr/include/GL/glext.h:3075: parse error before "index"
/usr/include/GL/glext.h:3076: parse error before "index"
/usr/include/GL/glext.h:3077: parse error before "index"
/usr/include/GL/glext.h:3078: parse error before '*' token
/usr/include/GL/glext.h:3078: parse error before "program"
/usr/include/GL/glext.h:3078: `GLboolean' declared as function returning a function
/usr/include/GL/glext.h:3090: parse error before "red"
/usr/include/GL/glext.h:3098: parse error before "factor"
/usr/include/GL/glext.h:3111: parse error before "target"
/usr/include/GL/glext.h:3112: parse error before "target"
/usr/include/GL/glext.h:3121: parse error before "target"
/usr/include/GL/glext.h:3122: parse error before "target"
/usr/include/GL/glext.h:3131: parse error before "target"
/usr/include/GL/glext.h:3132: parse error before "target"
/usr/include/GL/glext.h:3144: parse error before "target"
/usr/include/GL/glext.h:3145: parse error before "target"
/usr/include/GL/glext.h:3146: parse error before "target"
/usr/include/GL/glext.h:3147: parse error before "target"
/usr/include/GL/glext.h:3148: parse error before "target"
/usr/include/GL/glext.h:3165: parse error before "target"
/usr/include/GL/glext.h:3166: parse error before "target"
/usr/include/GL/glext.h:3167: parse error before "target"
/usr/include/GL/glext.h:3168: parse error before "target"
/usr/include/GL/glext.h:3169: parse error before "target"
/usr/include/GL/glext.h:3170: parse error before "target"
/usr/include/GL/glext.h:3171: parse error before "target"
/usr/include/GL/glext.h:3172: parse error before "target"
/usr/include/GL/glext.h:3173: parse error before "target"
/usr/include/GL/glext.h:3174: parse error before "target"
/usr/include/GL/glext.h:3194: parse error before "target"
/usr/include/GL/glext.h:3195: parse error before "target"
/usr/include/GL/glext.h:3196: parse error before "target"
/usr/include/GL/glext.h:3197: parse error before "target"
/usr/include/GL/glext.h:3198: parse error before "target"
/usr/include/GL/glext.h:3199: parse error before "target"
/usr/include/GL/glext.h:3200: parse error before "target"
/usr/include/GL/glext.h:3201: parse error before "target"
/usr/include/GL/glext.h:3202: parse error before "target"
/usr/include/GL/glext.h:3203: parse error before "target"
/usr/include/GL/glext.h:3204: parse error before "target"
/usr/include/GL/glext.h:3205: parse error before "target"
/usr/include/GL/glext.h:3206: parse error before "target"
/usr/include/GL/glext.h:3224: parse error before "target"
/usr/include/GL/glext.h:3225: parse error before "target"
/usr/include/GL/glext.h:3226: parse error before "target"
/usr/include/GL/glext.h:3227: parse error before "target"
/usr/include/GL/glext.h:3228: parse error before "target"
/usr/include/GL/glext.h:3229: parse error before "target"
/usr/include/GL/glext.h:3230: parse error before "target"
/usr/include/GL/glext.h:3238: parse error before "mode"
/usr/include/GL/glext.h:3251: parse error before "pname"
/usr/include/GL/glext.h:3252: parse error before "pname"
/usr/include/GL/glext.h:3253: parse error before "pname"
/usr/include/GL/glext.h:3254: parse error before "pname"
/usr/include/GL/glext.h:3255: parse error before "pname"
/usr/include/GL/glext.h:3256: parse error before "pname"
/usr/include/GL/glext.h:3265: parse error before "target"
/usr/include/GL/glext.h:3266: parse error before "target"
/usr/include/GL/glext.h:3287: parse error before "n"
/usr/include/GL/glext.h:3287: `PFNGLARETEXTURESRESIDENTEXTPROC' declared as function returning a function
/usr/include/GL/glext.h:3288: parse error before "target"
/usr/include/GL/glext.h:3289: parse error before "n"
/usr/include/GL/glext.h:3290: parse error before "n"
/usr/include/GL/glext.h:3291: parse error before "texture"
/usr/include/GL/glext.h:3291: `PFNGLISTEXTUREEXTPROC' declared as function returning a function
/usr/include/GL/glext.h:3292: parse error before "n"
/usr/include/GL/glext.h:3301: parse error before "target"
/usr/include/GL/glext.h:3302: parse error before "target"
/usr/include/GL/glext.h:3311: parse error before "target"
/usr/include/GL/glext.h:3312: parse error before "target"
/usr/include/GL/glext.h:3329: parse error before "value"
/usr/include/GL/glext.h:3330: parse error before "pattern"
/usr/include/GL/glext.h:3350: parse error before "i"
/usr/include/GL/glext.h:3351: parse error before "size"
/usr/include/GL/glext.h:3352: parse error before "mode"
/usr/include/GL/glext.h:3353: parse error before "stride"
/usr/include/GL/glext.h:3354: parse error before "pname"
/usr/include/GL/glext.h:3355: parse error before "type"
/usr/include/GL/glext.h:3356: parse error before "type"
/usr/include/GL/glext.h:3357: parse error before "size"
/usr/include/GL/glext.h:3358: parse error before "size"
/usr/include/GL/glext.h:3390: parse error before "mode"
/usr/include/GL/glext.h:3421: parse error before "pname"
/usr/include/GL/glext.h:3422: parse error before "pname"
/usr/include/GL/glext.h:3423: parse error before "pname"
/usr/include/GL/glext.h:3424: parse error before "pname"
/usr/include/GL/glext.h:3437: parse error before "pname"
/usr/include/GL/glext.h:3438: parse error before "pname"
/usr/include/GL/glext.h:3447: parse error before "pname"
/usr/include/GL/glext.h:3448: parse error before "pname"
/usr/include/GL/glext.h:3461: parse error before '*' token
/usr/include/GL/glext.h:3461: `GLint' declared as function returning a function
/usr/include/GL/glext.h:3462: parse error before "size"
/usr/include/GL/glext.h:3463: `PFNGLPOLLINSTRUMENTSSGIXPROC' declared as function returning a function
/usr/include/GL/glext.h:3497: parse error before "target"
/usr/include/GL/glext.h:3498: parse error before "target"
/usr/include/GL/glext.h:3499: parse error before "mask"
/usr/include/GL/glext.h:3500: parse error before "mask"
/usr/include/GL/glext.h:3508: parse error before '*' token
/usr/include/GL/glext.h:3529: parse error before "n"
/usr/include/GL/glext.h:3530: parse error before '*' token
/usr/include/GL/glext.h:3547: parse error before "target"
/usr/include/GL/glext.h:3548: parse error before "target"
/usr/include/GL/glext.h:3549: parse error before "target"
/usr/include/GL/glext.h:3550: parse error before "target"
/usr/include/GL/glext.h:3551: parse error before "target"
/usr/include/GL/glext.h:3552: parse error before "target"
/usr/include/GL/glext.h:3569: parse error before "target"
/usr/include/GL/glext.h:3570: parse error before "target"
/usr/include/GL/glext.h:3582: parse error before "target"
/usr/include/GL/glext.h:3593: parse error before "target"
/usr/include/GL/glext.h:3594: parse error before "target"
/usr/include/GL/glext.h:3595: parse error before "target"
/usr/include/GL/glext.h:3596: parse error before "target"
/usr/include/GL/glext.h:3613: parse error before "list"
/usr/include/GL/glext.h:3614: parse error before "list"
/usr/include/GL/glext.h:3615: parse error before "list"
/usr/include/GL/glext.h:3616: parse error before "list"
/usr/include/GL/glext.h:3617: parse error before "list"
/usr/include/GL/glext.h:3618: parse error before "list"
/usr/include/GL/glext.h:3646: parse error before "face"
/usr/include/GL/glext.h:3654: parse error before "func"
/usr/include/GL/glext.h:3667: parse error before "GLsizei"
/usr/include/GL/glext.h:3677: parse error before "pname"
/usr/include/GL/glext.h:3678: parse error before "pname"
/usr/include/GL/glext.h:3707: parse error before "face"
/usr/include/GL/glext.h:3708: parse error before "light"
/usr/include/GL/glext.h:3709: parse error before "light"
/usr/include/GL/glext.h:3710: parse error before "light"
/usr/include/GL/glext.h:3711: parse error before "light"
/usr/include/GL/glext.h:3712: parse error before "pname"
/usr/include/GL/glext.h:3713: parse error before "pname"
/usr/include/GL/glext.h:3714: parse error before "pname"
/usr/include/GL/glext.h:3715: parse error before "pname"
/usr/include/GL/glext.h:3716: parse error before "face"
/usr/include/GL/glext.h:3717: parse error before "face"
/usr/include/GL/glext.h:3718: parse error before "face"
/usr/include/GL/glext.h:3719: parse error before "face"
/usr/include/GL/glext.h:3720: parse error before "light"
/usr/include/GL/glext.h:3721: parse error before "light"
/usr/include/GL/glext.h:3722: parse error before "face"
/usr/include/GL/glext.h:3723: parse error before "face"
/usr/include/GL/glext.h:3724: parse error before "pname"
/usr/include/GL/glext.h:3740: parse error before "mode"
/usr/include/GL/glext.h:3758: parse error before "mode"
/usr/include/GL/glext.h:3759: parse error before "pname"
/usr/include/GL/glext.h:3760: parse error before "face"
/usr/include/GL/glext.h:3781: parse error before "marker"
/usr/include/GL/glext.h:3782: parse error before '*' token
/usr/include/GL/glext.h:3782: `PFNGLFINISHASYNCSGIXPROC' declared as function returning a function
/usr/include/GL/glext.h:3783: parse error before '*' token
/usr/include/GL/glext.h:3783: `PFNGLPOLLASYNCSGIXPROC' declared as function returning a function
/usr/include/GL/glext.h:3784: parse error before '*' token
/usr/include/GL/glext.h:3784: parse error before "range"
/usr/include/GL/glext.h:3784: `GLuint' declared as function returning a function
/usr/include/GL/glext.h:3785: parse error before "GLsizei"
/usr/include/GL/glext.h:3786: `PFNGLISASYNCMARKERSGIXPROC' declared as function returning a function
/usr/include/GL/glext.h:3805: parse error before "GLenum"
/usr/include/GL/glext.h:3806: parse error before "type"
/usr/include/GL/glext.h:3807: parse error before "GLenum"
/usr/include/GL/glext.h:3808: parse error before "GLenum"
/usr/include/GL/glext.h:3823: parse error before "target"
/usr/include/GL/glext.h:3824: parse error before "target"
/usr/include/GL/glext.h:3825: parse error before "target"
/usr/include/GL/glext.h:3826: parse error before "target"
/usr/include/GL/glext.h:3862: parse error before "red"
/usr/include/GL/glext.h:3863: parse error before '*' token
/usr/include/GL/glext.h:3864: parse error before "red"
/usr/include/GL/glext.h:3865: parse error before '*' token
/usr/include/GL/glext.h:3866: parse error before "red"
/usr/include/GL/glext.h:3867: parse error before '*' token
/usr/include/GL/glext.h:3870: parse error before "red"
/usr/include/GL/glext.h:3871: parse error before '*' token
/usr/include/GL/glext.h:3872: parse error before "red"
/usr/include/GL/glext.h:3873: parse error before '*' token
/usr/include/GL/glext.h:3876: parse error before "red"
/usr/include/GL/glext.h:3877: parse error before '*' token
/usr/include/GL/glext.h:3878: parse error before "GLenum"
/usr/include/GL/glext.h:3886: parse error before "mode"
/usr/include/GL/glext.h:3895: parse error before "mode"
/usr/include/GL/glext.h:3896: parse error before "mode"
/usr/include/GL/glext.h:3908: parse error before "coord"
/usr/include/GL/glext.h:3909: parse error before '*' token
/usr/include/GL/glext.h:3910: parse error before "coord"
/usr/include/GL/glext.h:3911: parse error before '*' token
/usr/include/GL/glext.h:3912: parse error before "type"
/usr/include/GL/glext.h:3945: parse error before "tx"
/usr/include/GL/glext.h:3946: parse error before '*' token
/usr/include/GL/glext.h:3947: parse error before "tx"
/usr/include/GL/glext.h:3948: parse error before '*' token
/usr/include/GL/glext.h:3949: parse error before "tx"
/usr/include/GL/glext.h:3950: parse error before '*' token
/usr/include/GL/glext.h:3953: parse error before "tx"
/usr/include/GL/glext.h:3954: parse error before '*' token
/usr/include/GL/glext.h:3955: parse error before "bx"
/usr/include/GL/glext.h:3956: parse error before '*' token
/usr/include/GL/glext.h:3957: parse error before "bx"
/usr/include/GL/glext.h:3958: parse error before '*' token
/usr/include/GL/glext.h:3959: parse error before "bx"
/usr/include/GL/glext.h:3960: parse error before '*' token
/usr/include/GL/glext.h:3963: parse error before "bx"
/usr/include/GL/glext.h:3964: parse error before '*' token
/usr/include/GL/glext.h:3965: parse error before "type"
/usr/include/GL/glext.h:3966: parse error before "type"
/usr/include/GL/glext.h:4005: parse error before "factor"
/usr/include/GL/glext.h:4006: parse error before "factor"
/usr/include/GL/glext.h:4008: parse error before "factor"
/usr/include/GL/glext.h:4009: parse error before "factor"
/usr/include/GL/glext.h:4010: parse error before "factor"
/usr/include/GL/glext.h:4011: parse error before "factor"
/usr/include/GL/glext.h:4027: parse error before "code"
/usr/include/GL/glext.h:4028: parse error before "code"
/usr/include/GL/glext.h:4030: parse error before '*' token
/usr/include/GL/glext.h:4031: parse error before '*' token
/usr/include/GL/glext.h:4032: parse error before "type"
/usr/include/GL/glext.h:4079: parse error before "r"
/usr/include/GL/glext.h:4080: parse error before '*' token
/usr/include/GL/glext.h:4081: parse error before "r"
/usr/include/GL/glext.h:4082: parse error before '*' token
/usr/include/GL/glext.h:4083: parse error before "r"
/usr/include/GL/glext.h:4084: parse error before '*' token
/usr/include/GL/glext.h:4085: parse error before "nx"
/usr/include/GL/glext.h:4086: parse error before '*' token
/usr/include/GL/glext.h:4087: parse error before "r"
/usr/include/GL/glext.h:4088: parse error before '*' token
/usr/include/GL/glext.h:4089: parse error before "s"
/usr/include/GL/glext.h:4090: parse error before '*' token
/usr/include/GL/glext.h:4091: parse error before "s"
/usr/include/GL/glext.h:4092: parse error before '*' token
/usr/include/GL/glext.h:4093: parse error before "s"
/usr/include/GL/glext.h:4094: parse error before '*' token
/usr/include/GL/glext.h:4095: parse error before "s"
/usr/include/GL/glext.h:4096: parse error before '*' token
/usr/include/GL/glext.h:4097: parse error before "s"
/usr/include/GL/glext.h:4098: parse error before '*' token
/usr/include/GL/glext.h:4099: parse error before "s"
/usr/include/GL/glext.h:4100: parse error before '*' token
/usr/include/GL/glext.h:4101: parse error before "s"
/usr/include/GL/glext.h:4102: parse error before '*' token
/usr/include/GL/glext.h:4103: parse error before "GLfloat"
/usr/include/GL/glext.h:4104: parse error before '*' token
/usr/include/GL/glext.h:4105: parse error before "GLubyte"
/usr/include/GL/glext.h:4106: parse error before '*' token
/usr/include/GL/glext.h:4107: parse error before "GLfloat"
/usr/include/GL/glext.h:4108: parse error before '*' token
/usr/include/GL/glext.h:4109: parse error before "GLfloat"
/usr/include/GL/glext.h:4110: parse error before '*' token
/usr/include/GL/glext.h:4111: parse error before "GLfloat"
/usr/include/GL/glext.h:4112: parse error before '*' token
/usr/include/GL/glext.h:4113: parse error before "GLfloat"
/usr/include/GL/glext.h:4114: parse error before '*' token
/usr/include/GL/glext.h:4115: parse error before "GLfloat"
/usr/include/GL/glext.h:4116: parse error before '*' token
/usr/include/GL/glext.h:4117: parse error before "GLfloat"
/usr/include/GL/glext.h:4118: parse error before '*' token
/usr/include/GL/glext.h:4126: parse error before "sfactorRGB"
/usr/include/GL/glext.h:4134: parse error before "sfactorRGB"
/usr/include/GL/glext.h:4180: parse error before "weight"
/usr/include/GL/glext.h:4181: parse error before '*' token
/usr/include/GL/glext.h:4182: parse error before "size"
/usr/include/GL/glext.h:4196: parse error before "length"
/usr/include/GL/glext.h:4216: parse error before "pname"
/usr/include/GL/glext.h:4217: parse error before "pname"
/usr/include/GL/glext.h:4218: parse error before "pname"
/usr/include/GL/glext.h:4219: parse error before "pname"
/usr/include/GL/glext.h:4220: parse error before "stage"
/usr/include/GL/glext.h:4221: parse error before "stage"
/usr/include/GL/glext.h:4222: parse error before "variable"
/usr/include/GL/glext.h:4223: parse error before "stage"
/usr/include/GL/glext.h:4224: parse error before "stage"
/usr/include/GL/glext.h:4225: parse error before "stage"
/usr/include/GL/glext.h:4226: parse error before "stage"
/usr/include/GL/glext.h:4227: parse error before "variable"
/usr/include/GL/glext.h:4228: parse error before "variable"
/usr/include/GL/glext.h:4283: parse error before "x"
/usr/include/GL/glext.h:4284: parse error before '*' token
/usr/include/GL/glext.h:4285: parse error before "x"
/usr/include/GL/glext.h:4286: parse error before '*' token
/usr/include/GL/glext.h:4289: parse error before "x"
/usr/include/GL/glext.h:4290: parse error before '*' token
/usr/include/GL/glext.h:4291: parse error before "x"
/usr/include/GL/glext.h:4292: parse error before '*' token
/usr/include/GL/glext.h:4293: parse error before "x"
/usr/include/GL/glext.h:4294: parse error before '*' token
/usr/include/GL/glext.h:4297: parse error before "x"
/usr/include/GL/glext.h:4298: parse error before '*' token
/usr/include/GL/glext.h:4299: parse error before "x"
/usr/include/GL/glext.h:4300: parse error before '*' token
/usr/include/GL/glext.h:4301: parse error before "x"
/usr/include/GL/glext.h:4302: parse error before '*' token
/usr/include/GL/glext.h:4305: parse error before "x"
/usr/include/GL/glext.h:4306: parse error before '*' token
/usr/include/GL/glext.h:4319: parse error before "mode"
/usr/include/GL/glext.h:4320: parse error before '*' token
/usr/include/GL/glext.h:4335: parse error before "GLenum"
/usr/include/GL/glext.h:4336: parse error before "GLenum"
/usr/include/GL/glext.h:4338: parse error before "type"
/usr/include/GL/glext.h:4339: parse error before "type"
/usr/include/GL/glext.h:4340: parse error before "type"
/usr/include/GL/glext.h:4341: parse error before "GLenum"
/usr/include/GL/glext.h:4342: parse error before "GLenum"
/usr/include/GL/glext.h:4383: parse error before "value"
/usr/include/GL/glext.h:4384: parse error before "pattern"
/usr/include/GL/glext.h:4416: parse error before "pname"
/usr/include/GL/glext.h:4438: parse error before "n"
/usr/include/GL/glext.h:4439: parse error before "n"
/usr/include/GL/glext.h:4440: `PFNGLISFENCENVPROC' declared as function returning a function
/usr/include/GL/glext.h:4441: `PFNGLTESTFENCENVPROC' declared as function returning a function
/usr/include/GL/glext.h:4442: parse error before "GLenum"
/usr/include/GL/glext.h:4444: parse error before "GLenum"
/usr/include/GL/glext.h:4460: parse error before "target"
/usr/include/GL/glext.h:4461: parse error before "target"
/usr/include/GL/glext.h:4462: parse error before "target"
/usr/include/GL/glext.h:4463: parse error before "target"
/usr/include/GL/glext.h:4464: parse error before "target"
/usr/include/GL/glext.h:4465: parse error before "target"
/usr/include/GL/glext.h:4466: parse error before "target"
/usr/include/GL/glext.h:4467: parse error before "target"
/usr/include/GL/glext.h:4468: parse error before "target"
/usr/include/GL/glext.h:4481: parse error before "stage"
/usr/include/GL/glext.h:4482: parse error before "stage"
/usr/include/GL/glext.h:4573: parse error before "n"
/usr/include/GL/glext.h:4573: `PFNGLAREPROGRAMSRESIDENTNVPROC' declared as function returning a function
/usr/include/GL/glext.h:4574: parse error before "target"
/usr/include/GL/glext.h:4575: parse error before "n"
/usr/include/GL/glext.h:4576: parse error before "target"
/usr/include/GL/glext.h:4577: parse error before "n"
/usr/include/GL/glext.h:4578: parse error before "target"
/usr/include/GL/glext.h:4579: parse error before "target"
/usr/include/GL/glext.h:4580: parse error before "GLenum"
/usr/include/GL/glext.h:4581: parse error before "GLenum"
/usr/include/GL/glext.h:4582: parse error before "target"
/usr/include/GL/glext.h:4583: parse error before "GLenum"
/usr/include/GL/glext.h:4584: parse error before "GLenum"
/usr/include/GL/glext.h:4585: parse error before "GLenum"
/usr/include/GL/glext.h:4586: parse error before "GLenum"
/usr/include/GL/glext.h:4587: `PFNGLISPROGRAMNVPROC' declared as function returning a function
/usr/include/GL/glext.h:4588: parse error before "target"
/usr/include/GL/glext.h:4589: parse error before "target"
/usr/include/GL/glext.h:4590: parse error before "target"
/usr/include/GL/glext.h:4591: parse error before "target"
/usr/include/GL/glext.h:4592: parse error before "target"
/usr/include/GL/glext.h:4593: parse error before "target"
/usr/include/GL/glext.h:4594: parse error before "target"
/usr/include/GL/glext.h:4595: parse error before "n"
/usr/include/GL/glext.h:4596: parse error before "target"
/usr/include/GL/glext.h:4597: parse error before "GLenum"
/usr/include/GL/glext.h:4598: parse error before "GLdouble"
/usr/include/GL/glext.h:4599: parse error before '*' token
/usr/include/GL/glext.h:4600: parse error before "GLfloat"
/usr/include/GL/glext.h:4601: parse error before '*' token
/usr/include/GL/glext.h:4602: parse error before "GLshort"
/usr/include/GL/glext.h:4603: parse error before '*' token
/usr/include/GL/glext.h:4604: parse error before "GLdouble"
/usr/include/GL/glext.h:4605: parse error before '*' token
/usr/include/GL/glext.h:4606: parse error before "GLfloat"
/usr/include/GL/glext.h:4607: parse error before '*' token
/usr/include/GL/glext.h:4608: parse error before "GLshort"
/usr/include/GL/glext.h:4609: parse error before '*' token
/usr/include/GL/glext.h:4610: parse error before "GLdouble"
/usr/include/GL/glext.h:4611: parse error before '*' token
/usr/include/GL/glext.h:4612: parse error before "GLfloat"
/usr/include/GL/glext.h:4613: parse error before '*' token
/usr/include/GL/glext.h:4614: parse error before "GLshort"
/usr/include/GL/glext.h:4615: parse error before '*' token
/usr/include/GL/glext.h:4616: parse error before "GLdouble"
/usr/include/GL/glext.h:4617: parse error before '*' token
/usr/include/GL/glext.h:4618: parse error before "GLfloat"
/usr/include/GL/glext.h:4619: parse error before '*' token
/usr/include/GL/glext.h:4620: parse error before "GLshort"
/usr/include/GL/glext.h:4621: parse error before '*' token
/usr/include/GL/glext.h:4622: parse error before "GLubyte"
/usr/include/GL/glext.h:4623: parse error before '*' token
/usr/include/GL/glext.h:4624: parse error before "GLsizei"
/usr/include/GL/glext.h:4625: parse error before "GLsizei"
/usr/include/GL/glext.h:4626: parse error before "GLsizei"
/usr/include/GL/glext.h:4627: parse error before "GLsizei"
/usr/include/GL/glext.h:4628: parse error before "GLsizei"
/usr/include/GL/glext.h:4629: parse error before "GLsizei"
/usr/include/GL/glext.h:4630: parse error before "GLsizei"
/usr/include/GL/glext.h:4631: parse error before "GLsizei"
/usr/include/GL/glext.h:4632: parse error before "GLsizei"
/usr/include/GL/glext.h:4633: parse error before "GLsizei"
/usr/include/GL/glext.h:4634: parse error before "GLsizei"
/usr/include/GL/glext.h:4635: parse error before "GLsizei"
/usr/include/GL/glext.h:4636: parse error before "GLsizei"
/usr/include/GL/glext.h:4671: parse error before "pname"
/usr/include/GL/glext.h:4672: parse error before "pname"
/usr/include/GL/glext.h:4673: parse error before "pname"
/usr/include/GL/glext.h:4674: parse error before "pname"
/usr/include/GL/glext.h:4695: `PFNGLGENFRAGMENTSHADERSATIPROC' declared as function returning a function
/usr/include/GL/glext.h:4700: parse error before "GLenum"
/usr/include/GL/glext.h:4701: parse error before "GLenum"
/usr/include/GL/glext.h:4702: parse error before "op"
/usr/include/GL/glext.h:4703: parse error before "op"
/usr/include/GL/glext.h:4704: parse error before "op"
/usr/include/GL/glext.h:4705: parse error before "op"
/usr/include/GL/glext.h:4706: parse error before "op"
/usr/include/GL/glext.h:4707: parse error before "op"
/usr/include/GL/glext.h:4708: parse error before '*' token
/usr/include/GL/glext.h:4717: parse error before "pname"
/usr/include/GL/glext.h:4718: parse error before "pname"
/usr/include/GL/glext.h:4737: parse error before "size"
/usr/include/GL/glext.h:4737: `PFNGLNEWOBJECTBUFFERATIPROC' declared as function returning a function
/usr/include/GL/glext.h:4738: `PFNGLISOBJECTBUFFERATIPROC' declared as function returning a function
/usr/include/GL/glext.h:4739: parse error before "GLsizei"
/usr/include/GL/glext.h:4740: parse error before "GLenum"
/usr/include/GL/glext.h:4741: parse error before "GLenum"
/usr/include/GL/glext.h:4743: parse error before "array"
/usr/include/GL/glext.h:4744: parse error before "array"
/usr/include/GL/glext.h:4745: parse error before "array"
/usr/include/GL/glext.h:4746: parse error before "GLenum"
/usr/include/GL/glext.h:4747: parse error before "GLenum"
/usr/include/GL/glext.h:4748: parse error before "GLenum"
/usr/include/GL/glext.h:4800: `PFNGLGENVERTEXSHADERSEXTPROC' declared as function returning a function
/usr/include/GL/glext.h:4802: parse error before "op"
/usr/include/GL/glext.h:4803: parse error before "op"
/usr/include/GL/glext.h:4804: parse error before "op"
/usr/include/GL/glext.h:4805: parse error before "GLenum"
/usr/include/GL/glext.h:4806: parse error before "GLenum"
/usr/include/GL/glext.h:4809: parse error before "datatype"
/usr/include/GL/glext.h:4809: `PFNGLGENSYMBOLSEXTPROC' declared as function returning a function
/usr/include/GL/glext.h:4810: parse error before "GLenum"
/usr/include/GL/glext.h:4811: parse error before "GLenum"
/usr/include/GL/glext.h:4812: parse error before '*' token
/usr/include/GL/glext.h:4813: parse error before '*' token
/usr/include/GL/glext.h:4815: parse error before '*' token
/usr/include/GL/glext.h:4816: parse error before '*' token
/usr/include/GL/glext.h:4817: parse error before '*' token
/usr/include/GL/glext.h:4818: parse error before '*' token
/usr/include/GL/glext.h:4820: parse error before "GLenum"
/usr/include/GL/glext.h:4823: parse error before "light"
/usr/include/GL/glext.h:4823: `PFNGLBINDLIGHTPARAMETEREXTPROC' declared as function returning a function
/usr/include/GL/glext.h:4824: parse error before "face"
/usr/include/GL/glext.h:4824: `PFNGLBINDMATERIALPARAMETEREXTPROC' declared as function returning a function
/usr/include/GL/glext.h:4825: parse error before "unit"
/usr/include/GL/glext.h:4825: `PFNGLBINDTEXGENPARAMETEREXTPROC' declared as function returning a function
/usr/include/GL/glext.h:4826: parse error before "unit"
/usr/include/GL/glext.h:4826: `PFNGLBINDTEXTUREUNITPARAMETEREXTPROC' declared as function returning a function
/usr/include/GL/glext.h:4827: parse error before "value"
/usr/include/GL/glext.h:4827: `PFNGLBINDPARAMETEREXTPROC' declared as function returning a function
/usr/include/GL/glext.h:4828: parse error before "GLenum"
/usr/include/GL/glext.h:4828: `PFNGLISVARIANTENABLEDEXTPROC' declared as function returning a function
/usr/include/GL/glext.h:4829: parse error before "GLenum"
/usr/include/GL/glext.h:4830: parse error before "GLenum"
/usr/include/GL/glext.h:4831: parse error before "GLenum"
/usr/include/GL/glext.h:4832: parse error before "GLenum"
/usr/include/GL/glext.h:4833: parse error before "GLenum"
/usr/include/GL/glext.h:4834: parse error before "GLenum"
/usr/include/GL/glext.h:4835: parse error before "GLenum"
/usr/include/GL/glext.h:4836: parse error before "GLenum"
/usr/include/GL/glext.h:4837: parse error before "GLenum"
/usr/include/GL/glext.h:4838: parse error before "GLenum"
/usr/include/GL/glext.h:4890: parse error before "stream"
/usr/include/GL/glext.h:4891: parse error before "stream"
/usr/include/GL/glext.h:4892: parse error before "stream"
/usr/include/GL/glext.h:4893: parse error before "stream"
/usr/include/GL/glext.h:4894: parse error before "stream"
/usr/include/GL/glext.h:4895: parse error before "stream"
/usr/include/GL/glext.h:4896: parse error before "stream"
/usr/include/GL/glext.h:4897: parse error before "stream"
/usr/include/GL/glext.h:4898: parse error before "stream"
/usr/include/GL/glext.h:4899: parse error before "stream"
/usr/include/GL/glext.h:4900: parse error before "stream"
/usr/include/GL/glext.h:4901: parse error before "stream"
/usr/include/GL/glext.h:4902: parse error before "stream"
/usr/include/GL/glext.h:4903: parse error before "stream"
/usr/include/GL/glext.h:4904: parse error before "stream"
/usr/include/GL/glext.h:4905: parse error before "stream"
/usr/include/GL/glext.h:4906: parse error before "stream"
/usr/include/GL/glext.h:4907: parse error before "stream"
/usr/include/GL/glext.h:4908: parse error before "stream"
/usr/include/GL/glext.h:4909: parse error before "stream"
/usr/include/GL/glext.h:4910: parse error before "stream"
/usr/include/GL/glext.h:4911: parse error before "stream"
/usr/include/GL/glext.h:4912: parse error before "stream"
/usr/include/GL/glext.h:4913: parse error before "stream"
/usr/include/GL/glext.h:4914: parse error before "stream"
/usr/include/GL/glext.h:4915: parse error before "stream"
/usr/include/GL/glext.h:4916: parse error before "stream"
/usr/include/GL/glext.h:4917: parse error before "stream"
/usr/include/GL/glext.h:4918: parse error before "stream"
/usr/include/GL/glext.h:4919: parse error before "stream"
/usr/include/GL/glext.h:4920: parse error before "stream"
/usr/include/GL/glext.h:4921: parse error before "stream"
/usr/include/GL/glext.h:4922: parse error before "stream"
/usr/include/GL/glext.h:4923: parse error before "stream"
/usr/include/GL/glext.h:4924: parse error before "stream"
/usr/include/GL/glext.h:4925: parse error before "stream"
/usr/include/GL/glext.h:4926: parse error before "stream"
/usr/include/GL/glext.h:4927: parse error before "stream"
/usr/include/GL/glext.h:4928: parse error before "stream"
/usr/include/GL/glext.h:4929: parse error before "stream"
/usr/include/GL/glext.h:4930: parse error before "stream"
/usr/include/GL/glext.h:4931: parse error before "stream"
/usr/include/GL/glext.h:4932: parse error before "stream"
/usr/include/GL/glext.h:4933: parse error before "pname"
/usr/include/GL/glext.h:4934: parse error before "pname"
/usr/include/GL/glext.h:4944: parse error before "type"
/usr/include/GL/glext.h:4945: parse error before "mode"
/usr/include/GL/glext.h:4946: parse error before "mode"
/usr/include/GL/glext.h:4954: parse error before "mode"
/usr/include/GL/glext.h:4980: parse error before "n"
/usr/include/GL/glext.h:4981: parse error before "n"
/usr/include/GL/glext.h:4982: `PFNGLISOCCLUSIONQUERYNVPROC' declared as function returning a function
/usr/include/GL/glext.h:4985: parse error before "GLenum"
/usr/include/GL/glext.h:4986: parse error before "GLenum"
/usr/include/GL/glext.h:4995: parse error before "pname"
/usr/include/GL/glext.h:4996: parse error before "pname"
/usr/include/GL/glext.h:5016: parse error before "face"
configure:8348: $? = 1
configure: failed program was:
| #line 8334 "configure"
| /* confdefs.h.  */
| 
| #define PACKAGE_NAME ""
| #define PACKAGE_TARNAME ""
| #define PACKAGE_VERSION ""
| #define PACKAGE_STRING ""
| #define PACKAGE_BUGREPORT ""
| #define PACKAGE "vegastrike"
| #define VERSION "0.3.5"
| #ifdef __cplusplus
| #include <stdlib.h>
| #endif
| #define STDC_HEADERS 1
| #define HAVE_DIRENT_H 1
| #define HAVE_SYS_TYPES_H 1
| #define HAVE_SYS_STAT_H 1
| #define HAVE_STDLIB_H 1
| #define HAVE_STRING_H 1
| #define HAVE_MEMORY_H 1
| #define HAVE_STRINGS_H 1
| #define HAVE_INTTYPES_H 1
| #define HAVE_STDINT_H 1
| #define HAVE_UNISTD_H 1
| #define HAVE_FCNTL_H 1
| #define HAVE_LIMITS_H 1
| #define HAVE_MALLOC_H 1
| #define HAVE_SYS_IOCTL_H 1
| #define HAVE_SYS_TIME_H 1
| #define HAVE_UNISTD_H 1
| #define TIME_WITH_SYS_TIME 1
| #define HAVE_GETCWD 1
| #define HAVE_GETTIMEOFDAY 1
| #define HAVE_STRDUP 1
| #define HAVE_SELECT 1
| #define HAVE_SOCKET 1
| #define HAVE_STRSTR 1
| #define HAVE_ACCESS 1
| #define HAVE_LSTAT 1
| #define HAVE_FINITE 1
| #define HAVE_ISNAN 1
| #define HAVE_ZLIB_H 1
| #define HAVE_UNISTD_H 1
| #define HAVE_FORK 1
| #define HAVE_VFORK 1
| #define HAVE_WORKING_VFORK 1
| #define HAVE_WORKING_FORK 1
| #define HAVE_STDLIB_H 1
| #define HAVE_UNISTD_H 1
| #define HAVE_GETPAGESIZE 1
| #define HAVE_MMAP 1
| #define HAVE_SDL_JOYSTICKOPEN 1
| #define HAVE_GLXGETPROCADDRESSARB 1
| /* end confdefs.h.  */
| #include <stdio.h>
| #if HAVE_SYS_TYPES_H
| # include <sys/types.h>
| #endif
| #if HAVE_SYS_STAT_H
| # include <sys/stat.h>
| #endif
| #if STDC_HEADERS
| # include <stdlib.h>
| # include <stddef.h>
| #else
| # if HAVE_STDLIB_H
| #  include <stdlib.h>
| # endif
| #endif
| #if HAVE_STRING_H
| # if !STDC_HEADERS && HAVE_MEMORY_H
| #  include <memory.h>
| # endif
| # include <string.h>
| #endif
| #if HAVE_STRINGS_H
| # include <strings.h>
| #endif
| #if HAVE_INTTYPES_H
| # include <inttypes.h>
| #else
| # if HAVE_STDINT_H
| #  include <stdint.h>
| # endif
| #endif
| #if HAVE_UNISTD_H
| # include <unistd.h>
| #endif
| #include <GL/glext.h>
configure:8364: result: no
configure:8368: checking GL/glext.h presence
configure:8379: gcc -E    -DHAVE_SDL=1 -DSDL_WINDOWING=1 -DHAVE_SDL_MIXER=1 conftest.c
configure:8385: $? = 0
configure:8404: result: yes
configure:8424: WARNING: GL/glext.h: present but cannot be compiled
configure:8426: WARNING: GL/glext.h: check for missing prerequisite headers?
configure:8428: WARNING: GL/glext.h: proceeding with the preprocessor's result
configure:8440: checking for GL/glext.h
configure:8447: result: yes
configure:8482: checking whether glext.h is recent enough
configure:8512: result: yes
configure:8557: checking for glut32 library
configure:8583: gcc -o conftest   -L/usr/X11R6/lib  conftest.c   -lutil -L/usr/lib -Wl,-rpath,/usr/lib -lSDL -lpthread -lSDL_mixer  -lGL  -lGLU  -lglut32 -lXi -lXmu >&5
/usr/bin/ld: cannot find -lglut32
collect2: ld returned 1 exit status
configure:8586: $? = 1
configure: failed program was:
| #line 8566 "configure"
| /* confdefs.h.  */
| 
| #define PACKAGE_NAME ""
| #define PACKAGE_TARNAME ""
| #define PACKAGE_VERSION ""
| #define PACKAGE_STRING ""
| #define PACKAGE_BUGREPORT ""
| #define PACKAGE "vegastrike"
| #define VERSION "0.3.5"
| #ifdef __cplusplus
| #include <stdlib.h>
| #endif
| #define STDC_HEADERS 1
| #define HAVE_DIRENT_H 1
| #define HAVE_SYS_TYPES_H 1
| #define HAVE_SYS_STAT_H 1
| #define HAVE_STDLIB_H 1
| #define HAVE_STRING_H 1
| #define HAVE_MEMORY_H 1
| #define HAVE_STRINGS_H 1
| #define HAVE_INTTYPES_H 1
| #define HAVE_STDINT_H 1
| #define HAVE_UNISTD_H 1
| #define HAVE_FCNTL_H 1
| #define HAVE_LIMITS_H 1
| #define HAVE_MALLOC_H 1
| #define HAVE_SYS_IOCTL_H 1
| #define HAVE_SYS_TIME_H 1
| #define HAVE_UNISTD_H 1
| #define TIME_WITH_SYS_TIME 1
| #define HAVE_GETCWD 1
| #define HAVE_GETTIMEOFDAY 1
| #define HAVE_STRDUP 1
| #define HAVE_SELECT 1
| #define HAVE_SOCKET 1
| #define HAVE_STRSTR 1
| #define HAVE_ACCESS 1
| #define HAVE_LSTAT 1
| #define HAVE_FINITE 1
| #define HAVE_ISNAN 1
| #define HAVE_ZLIB_H 1
| #define HAVE_UNISTD_H 1
| #define HAVE_FORK 1
| #define HAVE_VFORK 1
| #define HAVE_WORKING_VFORK 1
| #define HAVE_WORKING_FORK 1
| #define HAVE_STDLIB_H 1
| #define HAVE_UNISTD_H 1
| #define HAVE_GETPAGESIZE 1
| #define HAVE_MMAP 1
| #define HAVE_SDL_JOYSTICKOPEN 1
| #define HAVE_GLXGETPROCADDRESSARB 1
| #define HAVE_GL_GLEXT_H 1
| /* end confdefs.h.  */
| 
| int
| main ()
| {
| 
|   ;
|   return 0;
| }
configure:8602: result: no
configure:8557: checking for glut library
configure:8583: gcc -o conftest   -L/usr/X11R6/lib -L/usr/X11R6/lib  conftest.c   -lutil -L/usr/lib -Wl,-rpath,/usr/lib -lSDL -lpthread -lSDL_mixer  -lGL  -lGLU  -lglut -lXi -lXmu >&5
/usr/lib/libglut.so: undefined reference to `glXBindChannelToWindowSGIX'
/usr/lib/libglut.so: undefined reference to `glXQueryChannelDeltasSGIX'
/usr/lib/libglut.so: undefined reference to `glXChannelRectSyncSGIX'
/usr/lib/libglut.so: undefined reference to `glXChannelRectSGIX'
/usr/lib/libglut.so: undefined reference to `glXQueryChannelRectSGIX'
collect2: ld returned 1 exit status
configure:8586: $? = 1
configure: failed program was:
| #line 8566 "configure"
| /* confdefs.h.  */
| 
| #define PACKAGE_NAME ""
| #define PACKAGE_TARNAME ""
| #define PACKAGE_VERSION ""
| #define PACKAGE_STRING ""
| #define PACKAGE_BUGREPORT ""
| #define PACKAGE "vegastrike"
| #define VERSION "0.3.5"
| #ifdef __cplusplus
| #include <stdlib.h>
| #endif
| #define STDC_HEADERS 1
| #define HAVE_DIRENT_H 1
| #define HAVE_SYS_TYPES_H 1
| #define HAVE_SYS_STAT_H 1
| #define HAVE_STDLIB_H 1
| #define HAVE_STRING_H 1
| #define HAVE_MEMORY_H 1
| #define HAVE_STRINGS_H 1
| #define HAVE_INTTYPES_H 1
| #define HAVE_STDINT_H 1
| #define HAVE_UNISTD_H 1
| #define HAVE_FCNTL_H 1
| #define HAVE_LIMITS_H 1
| #define HAVE_MALLOC_H 1
| #define HAVE_SYS_IOCTL_H 1
| #define HAVE_SYS_TIME_H 1
| #define HAVE_UNISTD_H 1
| #define TIME_WITH_SYS_TIME 1
| #define HAVE_GETCWD 1
| #define HAVE_GETTIMEOFDAY 1
| #define HAVE_STRDUP 1
| #define HAVE_SELECT 1
| #define HAVE_SOCKET 1
| #define HAVE_STRSTR 1
| #define HAVE_ACCESS 1
| #define HAVE_LSTAT 1
| #define HAVE_FINITE 1
| #define HAVE_ISNAN 1
| #define HAVE_ZLIB_H 1
| #define HAVE_UNISTD_H 1
| #define HAVE_FORK 1
| #define HAVE_VFORK 1
| #define HAVE_WORKING_VFORK 1
| #define HAVE_WORKING_FORK 1
| #define HAVE_STDLIB_H 1
| #define HAVE_UNISTD_H 1
| #define HAVE_GETPAGESIZE 1
| #define HAVE_MMAP 1
| #define HAVE_SDL_JOYSTICKOPEN 1
| #define HAVE_GLXGETPROCADDRESSARB 1
| #define HAVE_GL_GLEXT_H 1
| /* end confdefs.h.  */
| 
| int
| main ()
| {
| 
|   ;
|   return 0;
| }
configure:8602: result: no
configure:8612: error: GLUT library not found or too old version. 3.7 (beta) or later required.

## ---------------- ##
## Cache variables. ##
## ---------------- ##

ac_cv_build=i686-pc-linux-gnu
ac_cv_build_alias=i686-pc-linux-gnu
ac_cv_c_compiler_gnu=yes
ac_cv_c_const=yes
ac_cv_c_inline=inline
ac_cv_cxx_compiler_gnu=yes
ac_cv_env_CC_set=
ac_cv_env_CC_value=
ac_cv_env_CFLAGS_set=
ac_cv_env_CFLAGS_value=
ac_cv_env_CPPFLAGS_set=
ac_cv_env_CPPFLAGS_value=
ac_cv_env_CPP_set=
ac_cv_env_CPP_value=
ac_cv_env_CXXCPP_set=
ac_cv_env_CXXCPP_value=
ac_cv_env_CXXFLAGS_set=
ac_cv_env_CXXFLAGS_value=
ac_cv_env_CXX_set=
ac_cv_env_CXX_value=
ac_cv_env_LDFLAGS_set=
ac_cv_env_LDFLAGS_value=
ac_cv_env_build_alias_set=
ac_cv_env_build_alias_value=
ac_cv_env_host_alias_set=
ac_cv_env_host_alias_value=
ac_cv_env_target_alias_set=
ac_cv_env_target_alias_value=
ac_cv_exeext=
ac_cv_func_SDL_JoystickOpen=yes
ac_cv_func__finite=no
ac_cv_func__isnan=no
ac_cv_func_access=yes
ac_cv_func_finite=yes
ac_cv_func_fork=yes
ac_cv_func_fork_works=yes
ac_cv_func_getcwd=yes
ac_cv_func_getpagesize=yes
ac_cv_func_gettimeofday=yes
ac_cv_func_glXGetProcAddressARB=yes
ac_cv_func_isnan=yes
ac_cv_func_lstat=yes
ac_cv_func_memcmp_working=yes
ac_cv_func_mmap_fixed_mapped=yes
ac_cv_func_select=yes
ac_cv_func_socket=yes
ac_cv_func_strdup=yes
ac_cv_func_strstr=yes
ac_cv_func_vfork=yes
ac_cv_func_vfork_works=yes
ac_cv_header_GL_glext_h=yes
ac_cv_header_dirent_dirent_h=yes
ac_cv_header_fcntl_h=yes
ac_cv_header_ieeefp_h=no
ac_cv_header_inttypes_h=yes
ac_cv_header_limits_h=yes
ac_cv_header_malloc_h=yes
ac_cv_header_memory_h=yes
ac_cv_header_stdc=yes
ac_cv_header_stdint_h=yes
ac_cv_header_stdlib_h=yes
ac_cv_header_string_h=yes
ac_cv_header_strings_h=yes
ac_cv_header_sys_ioctl_h=yes
ac_cv_header_sys_stat_h=yes
ac_cv_header_sys_time_h=yes
ac_cv_header_sys_types_h=yes
ac_cv_header_time=yes
ac_cv_header_unistd_h=yes
ac_cv_header_vfork_h=no
ac_cv_header_zlib_h=yes
ac_cv_host=i686-pc-linux-gnu
ac_cv_host_alias=i686-pc-linux-gnu
ac_cv_lib_SDL_mixer_Mix_OpenAudio=yes
ac_cv_objext=o
ac_cv_path_SDL_CONFIG=/usr/bin/sdl-config
ac_cv_path_install='/usr/bin/install -c'
ac_cv_prog_AWK=gawk
ac_cv_prog_CPP='gcc -E'
ac_cv_prog_CXXCPP='g++ -E'
ac_cv_prog_ac_ct_CC=gcc
ac_cv_prog_ac_ct_CXX=g++
ac_cv_prog_ac_ct_RANLIB=ranlib
ac_cv_prog_cc_g=yes
ac_cv_prog_cc_stdc=
ac_cv_prog_cxx_g=yes
ac_cv_prog_egrep='grep -E'
ac_cv_prog_make_make_set=yes
ac_cv_search_opendir='none required'
ac_cv_target=i686-pc-linux-gnu
ac_cv_target_alias=i686-pc-linux-gnu
ac_cv_type_pid_t=yes
ac_cv_type_size_t=yes
am_cv_CC_dependencies_compiler_type=gcc3
am_cv_CXX_dependencies_compiler_type=gcc3

## ----------------- ##
## Output variables. ##
## ----------------- ##

ACLOCAL='${SHELL} /home/daniel/temp/vegastrike/missing --run aclocal-1.6'
AMDEPBACKSLASH='\'
AMDEP_FALSE='#'
AMDEP_TRUE=''
AMTAR='${SHELL} /home/daniel/temp/vegastrike/missing --run tar'
AUTOCONF='${SHELL} /home/daniel/temp/vegastrike/missing --run autoconf'
AUTOHEADER='${SHELL} /home/daniel/temp/vegastrike/missing --run autoheader'
AUTOMAKE='${SHELL} /home/daniel/temp/vegastrike/missing --run automake-1.6'
AWK='gawk'
BOOST_CPPFLAGS=''
BOOST_LIBS=''
CC='gcc'
CCDEPMODE='depmode=gcc3'
CFLAGS=''
CPP='gcc -E'
CPPFLAGS=''
CXX='g++'
CXXCPP='g++ -E'
CXXDEPMODE='depmode=gcc3'
CXXFLAGS=''
DEFS=''
DEPDIR='.deps'
ECHO_C=''
ECHO_N='-n'
ECHO_T=''
EGREP='grep -E'
EXEEXT=''
INSTALL_DATA='${INSTALL} -m 644'
INSTALL_PROGRAM='${INSTALL}'
INSTALL_SCRIPT='${INSTALL}'
INSTALL_STRIP_PROGRAM='${SHELL} $(install_sh) -c -s'
LDFLAGS='-L/usr/X11R6/lib -L/usr/X11R6/lib '
LIBOBJS=''
LIBS='  -lutil -L/usr/lib -Wl,-rpath,/usr/lib -lSDL -lpthread -lSDL_mixer  -lGL  -lGLU  -lglut -lXi -lXmu'
LINUX_FALSE=''
LINUX_TRUE=''
LN_S='ln -s'
LTLIBOBJS=''
MACOSX_FALSE=''
MACOSX_TRUE=''
MAKEINFO='${SHELL} /home/daniel/temp/vegastrike/missing --run makeinfo'
NETCOMM_FALSE=''
NETCOMM_JVOIP_FALSE=''
NETCOMM_JVOIP_TRUE=''
NETCOMM_NOSOUND_FALSE=''
NETCOMM_NOSOUND_TRUE=''
NETCOMM_NOWEBCAM_FALSE=''
NETCOMM_NOWEBCAM_TRUE=''
NETCOMM_PORTAUDIO_FALSE=''
NETCOMM_PORTAUDIO_TRUE=''
NETCOMM_TRUE=''
OBJEXT='o'
PACKAGE='vegastrike'
PACKAGE_BUGREPORT=''
PACKAGE_NAME=''
PACKAGE_STRING=''
PACKAGE_TARNAME=''
PACKAGE_VERSION=''
PATH_SEPARATOR=':'
PYTHON_CPPFLAGS=' -I/usr/include/python2.2 -DHAVE_PYTHON=1 '
PYTHON_LIBS='/usr/lib/python2.2/config/libpython2.2.a  -Xlinker -export-dynamic'
RANLIB='ranlib'
SDL_CFLAGS='-I/usr/include/SDL -D_REENTRANT'
SDL_CONFIG='/usr/bin/sdl-config'
SDL_LIBS='-L/usr/lib -Wl,-rpath,/usr/lib -lSDL -lpthread'
SET_MAKE=''
SHELL='/bin/sh'
STRIP=''
TR_CFLAGS='-pipe -O3 -fexpensive-optimizations -fomit-frame-pointer -Wall -ffast-math    -I/usr/include/SDL -D_REENTRANT'
TR_CPPFLAGS=' -DHAVE_SDL=1 -DSDL_WINDOWING=1 -DHAVE_SDL_MIXER=1 '
TR_CXXFLAGS='-pipe -O3 -fexpensive-optimizations -fomit-frame-pointer -Wall -ffast-math   -I/usr/include/SDL -D_REENTRANT'
TR_LIBS=' -lutil -L/usr/lib -Wl,-rpath,/usr/lib -lSDL -lpthread -lSDL_mixer  -lGL  -lGLU'
USEBOOST128_FALSE=''
USEBOOST128_TRUE=''
VERSION='0.3.5'
WIN32_FALSE=''
WIN32_TRUE=''
ac_ct_CC='gcc'
ac_ct_CXX='g++'
ac_ct_RANLIB='ranlib'
ac_ct_STRIP=''
am__include='include'
am__quote=''
bindir='${exec_prefix}/bin'
build='i686-pc-linux-gnu'
build_alias=''
build_cpu='i686'
build_os='linux-gnu'
build_vendor='pc'
datadir='${prefix}/share'
exec_prefix='NONE'
host='i686-pc-linux-gnu'
host_alias=''
host_cpu='i686'
host_os='linux-gnu'
host_vendor='pc'
includedir='${prefix}/include'
infodir='${prefix}/info'
install_sh='/home/daniel/temp/vegastrike/install-sh'
libdir='${exec_prefix}/lib'
libexecdir='${exec_prefix}/libexec'
localstatedir='${prefix}/var'
mandir='${prefix}/man'
oldincludedir='/usr/include'
prefix='NONE'
program_transform_name='s,x,x,'
sbindir='${exec_prefix}/sbin'
sharedstatedir='${prefix}/com'
sysconfdir='${prefix}/etc'
target='i686-pc-linux-gnu'
target_alias=''
target_cpu='i686'
target_os='linux-gnu'
target_vendor='pc'

## ----------- ##
## confdefs.h. ##
## ----------- ##

#define HAVE_ACCESS 1
#define HAVE_DIRENT_H 1
#define HAVE_FCNTL_H 1
#define HAVE_FINITE 1
#define HAVE_FORK 1
#define HAVE_GETCWD 1
#define HAVE_GETPAGESIZE 1
#define HAVE_GETTIMEOFDAY 1
#define HAVE_GLXGETPROCADDRESSARB 1
#define HAVE_GL_GLEXT_H 1
#define HAVE_INTTYPES_H 1
#define HAVE_ISNAN 1
#define HAVE_LIMITS_H 1
#define HAVE_LSTAT 1
#define HAVE_MALLOC_H 1
#define HAVE_MEMORY_H 1
#define HAVE_MMAP 1
#define HAVE_SDL_JOYSTICKOPEN 1
#define HAVE_SELECT 1
#define HAVE_SOCKET 1
#define HAVE_STDINT_H 1
#define HAVE_STDLIB_H 1
#define HAVE_STDLIB_H 1
#define HAVE_STRDUP 1
#define HAVE_STRINGS_H 1
#define HAVE_STRING_H 1
#define HAVE_STRSTR 1
#define HAVE_SYS_IOCTL_H 1
#define HAVE_SYS_STAT_H 1
#define HAVE_SYS_TIME_H 1
#define HAVE_SYS_TYPES_H 1
#define HAVE_UNISTD_H 1
#define HAVE_UNISTD_H 1
#define HAVE_UNISTD_H 1
#define HAVE_UNISTD_H 1
#define HAVE_VFORK 1
#define HAVE_WORKING_FORK 1
#define HAVE_WORKING_VFORK 1
#define HAVE_ZLIB_H 1
#define PACKAGE "vegastrike"
#define PACKAGE_BUGREPORT ""
#define PACKAGE_NAME ""
#define PACKAGE_STRING ""
#define PACKAGE_TARNAME ""
#define PACKAGE_VERSION ""
#define STDC_HEADERS 1
#define TIME_WITH_SYS_TIME 1
#define VERSION "0.3.5"
#endif
#ifdef __cplusplus
#include <stdlib.h>

configure: exit 1
